2017-07-22 03:23:06,781 - INFO - Initial puzzle: {'A1': '2', 'A2': '123456789', 'A3': '123456789', 'A4': '123456789', 'A5': '123456789', 'A6': '123456789', 'A7': '123456789', 'A8': '123456789', 'A9': '123456789', 'B1': '123456789', 'B2': '123456789', 'B3': '123456789', 'B4': '123456789', 'B5': '123456789', 'B6': '6', 'B7': '2', 'B8': '123456789', 'B9': '123456789', 'C1': '123456789', 'C2': '123456789', 'C3': '1', 'C4': '123456789', 'C5': '123456789', 'C6': '123456789', 'C7': '123456789', 'C8': '7', 'C9': '123456789', 'D1': '123456789', 'D2': '123456789', 'D3': '6', 'D4': '123456789', 'D5': '123456789', 'D6': '8', 'D7': '123456789', 'D8': '123456789', 'D9': '123456789', 'E1': '3', 'E2': '123456789', 'E3': '123456789', 'E4': '123456789', 'E5': '9', 'E6': '123456789', 'E7': '123456789', 'E8': '123456789', 'E9': '7', 'F1': '123456789', 'F2': '123456789', 'F3': '123456789', 'F4': '6', 'F5': '123456789', 'F6': '123456789', 'F7': '4', 'F8': '123456789', 'F9': '123456789', 'G1': '123456789', 'G2': '4', 'G3': '123456789', 'G4': '123456789', 'G5': '123456789', 'G6': '123456789', 'G7': '8', 'G8': '123456789', 'G9': '123456789', 'H1': '123456789', 'H2': '123456789', 'H3': '5', 'H4': '2', 'H5': '123456789', 'H6': '123456789', 'H7': '123456789', 'H8': '123456789', 'H9': '123456789', 'I1': '123456789', 'I2': '123456789', 'I3': '123456789', 'I4': '123456789', 'I5': '123456789', 'I6': '123456789', 'I7': '123456789', 'I8': '123456789', 'I9': '3'}
2017-07-22 03:23:06,781 - INFO - Attempting to solve puzzle.
2017-07-22 03:23:06,781 - INFO - Processing values using the eliminate technique.
2017-07-22 03:23:06,782 - INFO - Updating box I1: 123456789 -> 13456789.
2017-07-22 03:23:06,782 - INFO - Updating box A3: 123456789 -> 13456789.
2017-07-22 03:23:06,782 - INFO - Updating box C1: 123456789 -> 13456789.
2017-07-22 03:23:06,782 - INFO - Updating box C2: 123456789 -> 13456789.
2017-07-22 03:23:06,782 - INFO - Updating box A6: 123456789 -> 13456789.
2017-07-22 03:23:06,782 - INFO - Updating box G1: 123456789 -> 13456789.
2017-07-22 03:23:06,782 - INFO - Updating box A5: 123456789 -> 13456789.
2017-07-22 03:23:06,782 - INFO - Updating box A4: 123456789 -> 13456789.
2017-07-22 03:23:06,782 - INFO - Updating box A2: 123456789 -> 13456789.
2017-07-22 03:23:06,783 - INFO - Updating box F6: 123456789 -> 13456789.
2017-07-22 03:23:06,783 - INFO - Updating box B3: 123456789 -> 13456789.
2017-07-22 03:23:06,783 - INFO - Updating box H1: 123456789 -> 13456789.
2017-07-22 03:23:06,783 - INFO - Updating box A8: 123456789 -> 13456789.
2017-07-22 03:23:06,783 - INFO - Updating box B1: 123456789 -> 13456789.
2017-07-22 03:23:06,783 - INFO - Updating box D1: 123456789 -> 13456789.
2017-07-22 03:23:06,783 - INFO - Updating box H8: 123456789 -> 13456789.
2017-07-22 03:23:06,783 - INFO - Updating box B2: 123456789 -> 13456789.
2017-07-22 03:23:06,784 - INFO - Updating box F1: 123456789 -> 13456789.
2017-07-22 03:23:06,784 - INFO - Updating box D4: 123456789 -> 13456789.
2017-07-22 03:23:06,784 - INFO - Updating box A9: 123456789 -> 13456789.
2017-07-22 03:23:06,784 - INFO - Updating box A7: 123456789 -> 13456789.
2017-07-22 03:23:06,784 - INFO - Updating box B8: 123456789 -> 12345789.
2017-07-22 03:23:06,784 - INFO - Updating box H6: 123456789 -> 12345789.
2017-07-22 03:23:06,784 - INFO - Updating box B4: 123456789 -> 12345789.
2017-07-22 03:23:06,784 - INFO - Updating box I6: 123456789 -> 12345789.
2017-07-22 03:23:06,784 - INFO - Updating box A6: 13456789 -> 1345789.
2017-07-22 03:23:06,785 - INFO - Updating box B5: 123456789 -> 12345789.
2017-07-22 03:23:06,785 - INFO - Updating box A5: 13456789 -> 1345789.
2017-07-22 03:23:06,785 - INFO - Updating box G6: 123456789 -> 12345789.
2017-07-22 03:23:06,785 - INFO - Updating box B9: 123456789 -> 12345789.
2017-07-22 03:23:06,785 - INFO - Updating box A4: 13456789 -> 1345789.
2017-07-22 03:23:06,785 - INFO - Updating box F6: 13456789 -> 1345789.
2017-07-22 03:23:06,785 - INFO - Updating box B3: 13456789 -> 1345789.
2017-07-22 03:23:06,785 - INFO - Updating box E6: 123456789 -> 12345789.
2017-07-22 03:23:06,786 - INFO - Updating box C5: 123456789 -> 12345789.
2017-07-22 03:23:06,786 - INFO - Updating box B1: 13456789 -> 1345789.
2017-07-22 03:23:06,786 - INFO - Updating box B2: 13456789 -> 1345789.
2017-07-22 03:23:06,786 - INFO - Updating box C6: 123456789 -> 12345789.
2017-07-22 03:23:06,786 - INFO - Updating box C4: 123456789 -> 12345789.
2017-07-22 03:23:06,786 - INFO - Updating box C7: 123456789 -> 13456789.
2017-07-22 03:23:06,786 - INFO - Updating box B8: 12345789 -> 1345789.
2017-07-22 03:23:06,786 - INFO - Updating box H7: 123456789 -> 13456789.
2017-07-22 03:23:06,786 - INFO - Updating box B4: 12345789 -> 1345789.
2017-07-22 03:23:06,787 - INFO - Updating box B5: 12345789 -> 1345789.
2017-07-22 03:23:06,787 - INFO - Updating box B9: 12345789 -> 1345789.
2017-07-22 03:23:06,787 - INFO - Updating box D7: 123456789 -> 13456789.
2017-07-22 03:23:06,787 - INFO - Updating box E7: 123456789 -> 13456789.
2017-07-22 03:23:06,787 - INFO - Updating box C9: 123456789 -> 13456789.
2017-07-22 03:23:06,787 - INFO - Updating box I7: 123456789 -> 13456789.
2017-07-22 03:23:06,788 - INFO - Updating box F3: 123456789 -> 23456789.
2017-07-22 03:23:06,788 - INFO - Updating box A3: 13456789 -> 3456789.
2017-07-22 03:23:06,788 - INFO - Updating box C1: 13456789 -> 3456789.
2017-07-22 03:23:06,788 - INFO - Updating box C2: 13456789 -> 3456789.
2017-07-22 03:23:06,788 - INFO - Updating box E3: 123456789 -> 23456789.
2017-07-22 03:23:06,788 - INFO - Updating box A2: 13456789 -> 3456789.
2017-07-22 03:23:06,788 - INFO - Updating box F6: 1345789 -> 345789.
2017-07-22 03:23:06,788 - INFO - Updating box B3: 1345789 -> 345789.
2017-07-22 03:23:06,789 - INFO - Updating box C9: 13456789 -> 3456789.
2017-07-22 03:23:06,789 - INFO - Updating box B1: 1345789 -> 345789.
2017-07-22 03:23:06,789 - INFO - Updating box C5: 12345789 -> 2345789.
2017-07-22 03:23:06,789 - INFO - Updating box H8: 13456789 -> 3456789.
2017-07-22 03:23:06,789 - INFO - Updating box C6: 12345789 -> 2345789.
2017-07-22 03:23:06,789 - INFO - Updating box B2: 1345789 -> 345789.
2017-07-22 03:23:06,789 - INFO - Updating box D4: 13456789 -> 3456789.
2017-07-22 03:23:06,789 - INFO - Updating box G3: 123456789 -> 23456789.
2017-07-22 03:23:06,790 - INFO - Updating box I3: 123456789 -> 23456789.
2017-07-22 03:23:06,790 - INFO - Updating box C7: 13456789 -> 3456789.
2017-07-22 03:23:06,790 - INFO - Updating box C4: 12345789 -> 2345789.
2017-07-22 03:23:06,790 - INFO - Updating box G8: 123456789 -> 12345689.
2017-07-22 03:23:06,790 - INFO - Updating box B8: 1345789 -> 134589.
2017-07-22 03:23:06,790 - INFO - Updating box I8: 123456789 -> 12345689.
2017-07-22 03:23:06,790 - INFO - Updating box C1: 3456789 -> 345689.
2017-07-22 03:23:06,790 - INFO - Updating box E8: 123456789 -> 12345689.
2017-07-22 03:23:06,790 - INFO - Updating box F8: 123456789 -> 12345689.
2017-07-22 03:23:06,791 - INFO - Updating box C2: 3456789 -> 345689.
2017-07-22 03:23:06,791 - INFO - Updating box B9: 1345789 -> 134589.
2017-07-22 03:23:06,791 - INFO - Updating box D8: 123456789 -> 12345689.
2017-07-22 03:23:06,791 - INFO - Updating box C9: 3456789 -> 345689.
2017-07-22 03:23:06,791 - INFO - Updating box A8: 13456789 -> 1345689.
2017-07-22 03:23:06,791 - INFO - Updating box C5: 2345789 -> 234589.
2017-07-22 03:23:06,791 - INFO - Updating box H8: 3456789 -> 345689.
2017-07-22 03:23:06,791 - INFO - Updating box C6: 2345789 -> 234589.
2017-07-22 03:23:06,792 - INFO - Updating box A9: 13456789 -> 1345689.
2017-07-22 03:23:06,792 - INFO - Updating box A7: 13456789 -> 1345689.
2017-07-22 03:23:06,792 - INFO - Updating box C7: 3456789 -> 345689.
2017-07-22 03:23:06,792 - INFO - Updating box C4: 2345789 -> 234589.
2017-07-22 03:23:06,792 - INFO - Updating box F3: 23456789 -> 2345789.
2017-07-22 03:23:06,792 - INFO - Updating box A3: 3456789 -> 345789.
2017-07-22 03:23:06,792 - INFO - Updating box D2: 123456789 -> 12345789.
2017-07-22 03:23:06,792 - INFO - Updating box E3: 23456789 -> 2345789.
2017-07-22 03:23:06,792 - INFO - Updating box F2: 123456789 -> 12345789.
2017-07-22 03:23:06,793 - INFO - Updating box D7: 13456789 -> 1345789.
2017-07-22 03:23:06,793 - INFO - Updating box D8: 12345689 -> 1234589.
2017-07-22 03:23:06,793 - INFO - Updating box D1: 13456789 -> 1345789.
2017-07-22 03:23:06,793 - INFO - Updating box D5: 123456789 -> 12345789.
2017-07-22 03:23:06,793 - INFO - Updating box D9: 123456789 -> 12345789.
2017-07-22 03:23:06,793 - INFO - Updating box D4: 3456789 -> 345789.
2017-07-22 03:23:06,793 - INFO - Updating box G3: 23456789 -> 2345789.
2017-07-22 03:23:06,793 - INFO - Updating box I3: 23456789 -> 2345789.
2017-07-22 03:23:06,794 - INFO - Updating box F1: 13456789 -> 1345789.
2017-07-22 03:23:06,794 - INFO - Updating box E2: 123456789 -> 12345789.
2017-07-22 03:23:06,794 - INFO - Updating box I1: 13456789 -> 1345679.
2017-07-22 03:23:06,794 - INFO - Updating box B8: 134589 -> 13459.
2017-07-22 03:23:06,794 - INFO - Updating box D2: 12345789 -> 1234579.
2017-07-22 03:23:06,794 - INFO - Updating box H6: 12345789 -> 1234579.
2017-07-22 03:23:06,794 - INFO - Updating box I6: 12345789 -> 1234579.
2017-07-22 03:23:06,794 - INFO - Updating box A6: 1345789 -> 134579.
2017-07-22 03:23:06,795 - INFO - Updating box G6: 12345789 -> 1234579.
2017-07-22 03:23:06,795 - INFO - Updating box E4: 123456789 -> 12345679.
2017-07-22 03:23:06,795 - INFO - Updating box F6: 345789 -> 34579.
2017-07-22 03:23:06,795 - INFO - Updating box H2: 123456789 -> 12345679.
2017-07-22 03:23:06,795 - INFO - Updating box D7: 1345789 -> 134579.
2017-07-22 03:23:06,795 - INFO - Updating box D8: 1234589 -> 123459.
2017-07-22 03:23:06,795 - INFO - Updating box E6: 12345789 -> 1234579.
2017-07-22 03:23:06,795 - INFO - Updating box D1: 1345789 -> 134579.
2017-07-22 03:23:06,795 - INFO - Updating box D5: 12345789 -> 1234579.
2017-07-22 03:23:06,796 - INFO - Updating box C6: 234589 -> 23459.
2017-07-22 03:23:06,796 - INFO - Updating box D9: 12345789 -> 1234579.
2017-07-22 03:23:06,796 - INFO - Updating box F5: 123456789 -> 12345679.
2017-07-22 03:23:06,796 - INFO - Updating box D4: 345789 -> 34579.
2017-07-22 03:23:06,796 - INFO - Updating box A9: 1345689 -> 134569.
2017-07-22 03:23:06,796 - INFO - Updating box G3: 2345789 -> 234579.
2017-07-22 03:23:06,796 - INFO - Updating box C7: 345689 -> 34569.
2017-07-22 03:23:06,796 - INFO - Updating box I1: 1345679 -> 145679.
2017-07-22 03:23:06,796 - INFO - Updating box F3: 2345789 -> 245789.
2017-07-22 03:23:06,797 - INFO - Updating box D2: 1234579 -> 124579.
2017-07-22 03:23:06,797 - INFO - Updating box C1: 345689 -> 45689.
2017-07-22 03:23:06,797 - INFO - Updating box E8: 12345689 -> 1245689.
2017-07-22 03:23:06,797 - INFO - Updating box G1: 13456789 -> 1456789.
2017-07-22 03:23:06,797 - INFO - Updating box E3: 2345789 -> 245789.
2017-07-22 03:23:06,797 - INFO - Updating box E4: 12345679 -> 1245679.
2017-07-22 03:23:06,797 - INFO - Updating box F2: 12345789 -> 1245789.
2017-07-22 03:23:06,797 - INFO - Updating box E7: 13456789 -> 1456789.
2017-07-22 03:23:06,798 - INFO - Updating box H1: 13456789 -> 1456789.
2017-07-22 03:23:06,798 - INFO - Updating box E6: 1234579 -> 124579.
2017-07-22 03:23:06,798 - INFO - Updating box B1: 345789 -> 45789.
2017-07-22 03:23:06,798 - INFO - Updating box D1: 134579 -> 14579.
2017-07-22 03:23:06,798 - INFO - Updating box F1: 1345789 -> 145789.
2017-07-22 03:23:06,798 - INFO - Updating box E2: 12345789 -> 1245789.
2017-07-22 03:23:06,798 - INFO - Updating box B8: 13459 -> 1345.
2017-07-22 03:23:06,798 - INFO - Updating box B5: 1345789 -> 134578.
2017-07-22 03:23:06,799 - INFO - Updating box A5: 1345789 -> 134578.
2017-07-22 03:23:06,799 - INFO - Updating box F6: 34579 -> 3457.
2017-07-22 03:23:06,799 - INFO - Updating box E7: 1456789 -> 145678.
2017-07-22 03:23:06,799 - INFO - Updating box E6: 124579 -> 12457.
2017-07-22 03:23:06,799 - INFO - Updating box C5: 234589 -> 23458.
2017-07-22 03:23:06,799 - INFO - Updating box D4: 34579 -> 3457.
2017-07-22 03:23:06,799 - INFO - Updating box A9: 134569 -> 13456.
2017-07-22 03:23:06,799 - INFO - Updating box C7: 34569 -> 3456.
2017-07-22 03:23:06,799 - INFO - Updating box I1: 145679 -> 14567.
2017-07-22 03:23:06,800 - INFO - Updating box E8: 1245689 -> 124568.
2017-07-22 03:23:06,800 - INFO - Updating box E3: 245789 -> 24578.
2017-07-22 03:23:06,800 - INFO - Updating box E4: 1245679 -> 124567.
2017-07-22 03:23:06,800 - INFO - Updating box G5: 123456789 -> 12345678.
2017-07-22 03:23:06,800 - INFO - Updating box H2: 12345679 -> 1234567.
2017-07-22 03:23:06,800 - INFO - Updating box D5: 1234579 -> 123457.
2017-07-22 03:23:06,800 - INFO - Updating box H5: 123456789 -> 12345678.
2017-07-22 03:23:06,800 - INFO - Updating box H8: 345689 -> 34568.
2017-07-22 03:23:06,801 - INFO - Updating box B2: 345789 -> 34578.
2017-07-22 03:23:06,801 - INFO - Updating box F5: 12345679 -> 1234567.
2017-07-22 03:23:06,801 - INFO - Updating box G3: 234579 -> 23457.
2017-07-22 03:23:06,801 - INFO - Updating box E2: 1245789 -> 124578.
2017-07-22 03:23:06,801 - INFO - Updating box I5: 123456789 -> 12345678.
2017-07-22 03:23:06,801 - INFO - Updating box E3: 24578 -> 2458.
2017-07-22 03:23:06,801 - INFO - Updating box E4: 124567 -> 12456.
2017-07-22 03:23:06,802 - INFO - Updating box G9: 123456789 -> 12345689.
2017-07-22 03:23:06,802 - INFO - Updating box D7: 134579 -> 13459.
2017-07-22 03:23:06,802 - INFO - Updating box E7: 145678 -> 14568.
2017-07-22 03:23:06,803 - INFO - Updating box E6: 12457 -> 1245.
2017-07-22 03:23:06,803 - INFO - Updating box F9: 123456789 -> 12345689.
2017-07-22 03:23:06,803 - INFO - Updating box D9: 1234579 -> 123459.
2017-07-22 03:23:06,803 - INFO - Updating box H9: 123456789 -> 12345689.
2017-07-22 03:23:06,803 - INFO - Updating box E2: 124578 -> 12458.
2017-07-22 03:23:06,803 - INFO - Updating box I1: 14567 -> 1457.
2017-07-22 03:23:06,804 - INFO - Updating box F8: 12345689 -> 1234589.
2017-07-22 03:23:06,804 - INFO - Updating box E4: 12456 -> 1245.
2017-07-22 03:23:06,804 - INFO - Updating box H2: 1234567 -> 123457.
2017-07-22 03:23:06,805 - INFO - Updating box G4: 123456789 -> 12345789.
2017-07-22 03:23:06,805 - INFO - Updating box F9: 12345689 -> 1234589.
2017-07-22 03:23:06,805 - INFO - Updating box F5: 1234567 -> 123457.
2017-07-22 03:23:06,805 - INFO - Updating box I4: 123456789 -> 12345789.
2017-07-22 03:23:06,805 - INFO - Updating box A9: 13456 -> 1345.
2017-07-22 03:23:06,805 - INFO - Updating box C7: 3456 -> 345.
2017-07-22 03:23:06,805 - INFO - Updating box F3: 245789 -> 25789.
2017-07-22 03:23:06,805 - INFO - Updating box H7: 13456789 -> 1356789.
2017-07-22 03:23:06,806 - INFO - Updating box E8: 124568 -> 12568.
2017-07-22 03:23:06,806 - INFO - Updating box F8: 1234589 -> 123589.
2017-07-22 03:23:06,806 - INFO - Updating box F2: 1245789 -> 125789.
2017-07-22 03:23:06,806 - INFO - Updating box F6: 3457 -> 357.
2017-07-22 03:23:06,806 - INFO - Updating box D7: 13459 -> 1359.
2017-07-22 03:23:06,806 - INFO - Updating box E7: 14568 -> 1568.
2017-07-22 03:23:06,806 - INFO - Updating box D8: 123459 -> 12359.
2017-07-22 03:23:06,806 - INFO - Updating box I7: 13456789 -> 1356789.
2017-07-22 03:23:06,807 - INFO - Updating box F9: 1234589 -> 123589.
2017-07-22 03:23:06,807 - INFO - Updating box D9: 123459 -> 12359.
2017-07-22 03:23:06,807 - INFO - Updating box F5: 123457 -> 12357.
2017-07-22 03:23:06,807 - INFO - Updating box F1: 145789 -> 15789.
2017-07-22 03:23:06,807 - INFO - Updating box A7: 1345689 -> 135689.
2017-07-22 03:23:06,807 - INFO - Updating box C7: 345 -> 35.
2017-07-22 03:23:06,807 - INFO - Updating box G8: 12345689 -> 1235689.
2017-07-22 03:23:06,807 - INFO - Updating box I1: 1457 -> 157.
2017-07-22 03:23:06,807 - INFO - Updating box D2: 124579 -> 12579.
2017-07-22 03:23:06,808 - INFO - Updating box C2: 345689 -> 35689.
2017-07-22 03:23:06,808 - INFO - Updating box G1: 1456789 -> 156789.
2017-07-22 03:23:06,808 - INFO - Updating box I2: 123456789 -> 12356789.
2017-07-22 03:23:06,808 - INFO - Updating box G6: 1234579 -> 123579.
2017-07-22 03:23:06,808 - INFO - Updating box G5: 12345678 -> 1235678.
2017-07-22 03:23:06,808 - INFO - Updating box A2: 3456789 -> 356789.
2017-07-22 03:23:06,808 - INFO - Updating box G9: 12345689 -> 1235689.
2017-07-22 03:23:06,808 - INFO - Updating box H2: 123457 -> 12357.
2017-07-22 03:23:06,809 - INFO - Updating box G4: 12345789 -> 1235789.
2017-07-22 03:23:06,809 - INFO - Updating box H1: 1456789 -> 156789.
2017-07-22 03:23:06,809 - INFO - Updating box B2: 34578 -> 3578.
2017-07-22 03:23:06,809 - INFO - Updating box G3: 23457 -> 2357.
2017-07-22 03:23:06,809 - INFO - Updating box I3: 2345789 -> 235789.
2017-07-22 03:23:06,809 - INFO - Updating box E2: 12458 -> 1258.
2017-07-22 03:23:06,809 - INFO - Updating box G8: 1235689 -> 123569.
2017-07-22 03:23:06,809 - INFO - Updating box H7: 1356789 -> 135679.
2017-07-22 03:23:06,810 - INFO - Updating box I8: 12345689 -> 1234569.
2017-07-22 03:23:06,810 - INFO - Updating box G1: 156789 -> 15679.
2017-07-22 03:23:06,810 - INFO - Updating box G5: 1235678 -> 123567.
2017-07-22 03:23:06,810 - INFO - Updating box G9: 1235689 -> 123569.
2017-07-22 03:23:06,810 - INFO - Updating box G4: 1235789 -> 123579.
2017-07-22 03:23:06,810 - INFO - Updating box E7: 1568 -> 156.
2017-07-22 03:23:06,810 - INFO - Updating box I7: 1356789 -> 135679.
2017-07-22 03:23:06,810 - INFO - Updating box H8: 34568 -> 3456.
2017-07-22 03:23:06,811 - INFO - Updating box B2: 3578 -> 357.
2017-07-22 03:23:06,811 - INFO - Updating box H9: 12345689 -> 1234569.
2017-07-22 03:23:06,811 - INFO - Updating box A7: 135689 -> 13569.
2017-07-22 03:23:06,811 - INFO - Updating box I1: 157 -> 17.
2017-07-22 03:23:06,811 - INFO - Updating box F3: 25789 -> 2789.
2017-07-22 03:23:06,811 - INFO - Updating box H7: 135679 -> 13679.
2017-07-22 03:23:06,811 - INFO - Updating box A3: 345789 -> 34789.
2017-07-22 03:23:06,811 - INFO - Updating box H6: 1234579 -> 123479.
2017-07-22 03:23:06,811 - INFO - Updating box G1: 15679 -> 1679.
2017-07-22 03:23:06,812 - INFO - Updating box I2: 12356789 -> 1236789.
2017-07-22 03:23:06,812 - INFO - Updating box E3: 2458 -> 248.
2017-07-22 03:23:06,812 - INFO - Updating box H2: 12357 -> 1237.
2017-07-22 03:23:06,812 - INFO - Updating box B3: 345789 -> 34789.
2017-07-22 03:23:06,812 - INFO - Updating box H1: 156789 -> 16789.
2017-07-22 03:23:06,812 - INFO - Updating box H5: 12345678 -> 1234678.
2017-07-22 03:23:06,812 - INFO - Updating box H8: 3456 -> 346.
2017-07-22 03:23:06,812 - INFO - Updating box G3: 2357 -> 237.
2017-07-22 03:23:06,812 - INFO - Updating box H9: 1234569 -> 123469.
2017-07-22 03:23:06,813 - INFO - Updating box I3: 235789 -> 23789.
2017-07-22 03:23:06,813 - INFO - Updating box H6: 123479 -> 13479.
2017-07-22 03:23:06,813 - INFO - Updating box I6: 1234579 -> 134579.
2017-07-22 03:23:06,813 - INFO - Updating box G6: 123579 -> 13579.
2017-07-22 03:23:06,813 - INFO - Updating box E4: 1245 -> 145.
2017-07-22 03:23:06,813 - INFO - Updating box G5: 123567 -> 13567.
2017-07-22 03:23:06,813 - INFO - Updating box H2: 1237 -> 137.
2017-07-22 03:23:06,813 - INFO - Updating box G4: 123579 -> 13579.
2017-07-22 03:23:06,814 - INFO - Updating box H5: 1234678 -> 134678.
2017-07-22 03:23:06,814 - INFO - Updating box I4: 12345789 -> 1345789.
2017-07-22 03:23:06,814 - INFO - Updating box H9: 123469 -> 13469.
2017-07-22 03:23:06,814 - INFO - Updating box I5: 12345678 -> 1345678.
2017-07-22 03:23:06,814 - INFO - Updating box C4: 234589 -> 34589.
2017-07-22 03:23:06,814 - INFO - Updating box G8: 123569 -> 12569.
2017-07-22 03:23:06,814 - INFO - Updating box H7: 13679 -> 1679.
2017-07-22 03:23:06,814 - INFO - Updating box I8: 1234569 -> 124569.
2017-07-22 03:23:06,814 - INFO - Updating box I6: 134579 -> 14579.
2017-07-22 03:23:06,815 - INFO - Updating box I2: 1236789 -> 126789.
2017-07-22 03:23:06,815 - INFO - Updating box B9: 134589 -> 14589.
2017-07-22 03:23:06,815 - INFO - Updating box G9: 123569 -> 12569.
2017-07-22 03:23:06,815 - INFO - Updating box F6: 357 -> 57.
2017-07-22 03:23:06,815 - INFO - Updating box C9: 345689 -> 45689.
2017-07-22 03:23:06,815 - INFO - Updating box F9: 123589 -> 12589.
2017-07-22 03:23:06,815 - INFO - Updating box H8: 346 -> 46.
2017-07-22 03:23:06,815 - INFO - Updating box B2: 357 -> 57.
2017-07-22 03:23:06,816 - INFO - Updating box D9: 12359 -> 1259.
2017-07-22 03:23:06,816 - INFO - Updating box I4: 1345789 -> 145789.
2017-07-22 03:23:06,816 - INFO - Updating box D4: 3457 -> 457.
2017-07-22 03:23:06,816 - INFO - Updating box A9: 1345 -> 145.
2017-07-22 03:23:06,816 - INFO - Updating box I3: 23789 -> 2789.
2017-07-22 03:23:06,816 - INFO - Updating box H9: 13469 -> 1469.
2017-07-22 03:23:06,816 - INFO - Updating box I7: 135679 -> 15679.
2017-07-22 03:23:06,816 - INFO - Updating box I5: 1345678 -> 145678.
2017-07-22 03:23:06,816 - INFO - Checking values for feasibility.
2017-07-22 03:23:06,817 - INFO - Values contain no empty strings.
2017-07-22 03:23:06,817 - INFO - Values contain only allowed characters in order.
2017-07-22 03:23:06,817 - INFO - Current values:
{'A1': '2', 'A2': '356789', 'A3': '34789', 'A4': '1345789', 'A5': '134578', 'A6': '134579', 'A7': '13569', 'A8': '1345689', 'A9': '145', 'B1': '45789', 'B2': '57', 'B3': '34789', 'B4': '1345789', 'B5': '134578', 'B6': '6', 'B7': '2', 'B8': '1345', 'B9': '14589', 'C1': '45689', 'C2': '35689', 'C3': '1', 'C4': '34589', 'C5': '23458', 'C6': '23459', 'C7': '35', 'C8': '7', 'C9': '45689', 'D1': '14579', 'D2': '12579', 'D3': '6', 'D4': '457', 'D5': '123457', 'D6': '8', 'D7': '1359', 'D8': '12359', 'D9': '1259', 'E1': '3', 'E2': '1258', 'E3': '248', 'E4': '145', 'E5': '9', 'E6': '1245', 'E7': '156', 'E8': '12568', 'E9': '7', 'F1': '15789', 'F2': '125789', 'F3': '2789', 'F4': '6', 'F5': '12357', 'F6': '57', 'F7': '4', 'F8': '123589', 'F9': '12589', 'G1': '1679', 'G2': '4', 'G3': '237', 'G4': '13579', 'G5': '13567', 'G6': '13579', 'G7': '8', 'G8': '12569', 'G9': '12569', 'H1': '16789', 'H2': '137', 'H3': '5', 'H4': '2', 'H5': '134678', 'H6': '13479', 'H7': '1679', 'H8': '46', 'H9': '1469', 'I1': '17', 'I2': '126789', 'I3': '2789', 'I4': '145789', 'I5': '145678', 'I6': '14579', 'I7': '15679', 'I8': '124569', 'I9': '3'}.
2017-07-22 03:23:06,817 - INFO - Processing values using the only choice technique.
2017-07-22 03:23:06,818 - INFO - Updating box H8: 46 -> 6.
2017-07-22 03:23:06,818 - INFO - Updating box G3: 237 -> 2.
2017-07-22 03:23:06,818 - INFO - Checking values for feasibility.
2017-07-22 03:23:06,819 - INFO - Values contain no empty strings.
2017-07-22 03:23:06,819 - INFO - Values contain only allowed characters in order.
2017-07-22 03:23:06,819 - INFO - Current values:
{'A1': '2', 'A2': '356789', 'A3': '34789', 'A4': '1345789', 'A5': '134578', 'A6': '134579', 'A7': '13569', 'A8': '1345689', 'A9': '145', 'B1': '45789', 'B2': '57', 'B3': '34789', 'B4': '1345789', 'B5': '134578', 'B6': '6', 'B7': '2', 'B8': '1345', 'B9': '14589', 'C1': '45689', 'C2': '35689', 'C3': '1', 'C4': '34589', 'C5': '23458', 'C6': '23459', 'C7': '35', 'C8': '7', 'C9': '45689', 'D1': '14579', 'D2': '12579', 'D3': '6', 'D4': '457', 'D5': '123457', 'D6': '8', 'D7': '1359', 'D8': '12359', 'D9': '1259', 'E1': '3', 'E2': '1258', 'E3': '248', 'E4': '145', 'E5': '9', 'E6': '1245', 'E7': '156', 'E8': '12568', 'E9': '7', 'F1': '15789', 'F2': '125789', 'F3': '2789', 'F4': '6', 'F5': '12357', 'F6': '57', 'F7': '4', 'F8': '123589', 'F9': '12589', 'G1': '1679', 'G2': '4', 'G3': '2', 'G4': '13579', 'G5': '13567', 'G6': '13579', 'G7': '8', 'G8': '12569', 'G9': '12569', 'H1': '16789', 'H2': '137', 'H3': '5', 'H4': '2', 'H5': '134678', 'H6': '13479', 'H7': '1679', 'H8': '6', 'H9': '1469', 'I1': '17', 'I2': '126789', 'I3': '2789', 'I4': '145789', 'I5': '145678', 'I6': '14579', 'I7': '15679', 'I8': '124569', 'I9': '3'}.
2017-07-22 03:23:06,819 - INFO - Processing values using the naked twins technique.
2017-07-22 03:23:06,819 - INFO - Finding naked twins in values.
2017-07-22 03:23:06,820 - WARNING - No naked twins were found.
2017-07-22 03:23:06,820 - INFO - Eliminating twins from peers[B2], peers[F6]: 57, 57 -> '', ''.
2017-07-22 03:23:06,820 - INFO - Updating box D4: 457 -> 47.
2017-07-22 03:23:06,820 - INFO - Updating box D4: 47 -> 4.
2017-07-22 03:23:06,820 - INFO - Eliminating twins from peers[F6], peers[B2]: 57, 57 -> '', ''.
2017-07-22 03:23:06,820 - INFO - Checking values for feasibility.
2017-07-22 03:23:06,821 - INFO - Values contain no empty strings.
2017-07-22 03:23:06,821 - INFO - Values contain only allowed characters in order.
2017-07-22 03:23:06,821 - INFO - Current values:
{'A1': '2', 'A2': '356789', 'A3': '34789', 'A4': '1345789', 'A5': '134578', 'A6': '134579', 'A7': '13569', 'A8': '1345689', 'A9': '145', 'B1': '45789', 'B2': '57', 'B3': '34789', 'B4': '1345789', 'B5': '134578', 'B6': '6', 'B7': '2', 'B8': '1345', 'B9': '14589', 'C1': '45689', 'C2': '35689', 'C3': '1', 'C4': '34589', 'C5': '23458', 'C6': '23459', 'C7': '35', 'C8': '7', 'C9': '45689', 'D1': '14579', 'D2': '12579', 'D3': '6', 'D4': '4', 'D5': '123457', 'D6': '8', 'D7': '1359', 'D8': '12359', 'D9': '1259', 'E1': '3', 'E2': '1258', 'E3': '248', 'E4': '145', 'E5': '9', 'E6': '1245', 'E7': '156', 'E8': '12568', 'E9': '7', 'F1': '15789', 'F2': '125789', 'F3': '2789', 'F4': '6', 'F5': '12357', 'F6': '57', 'F7': '4', 'F8': '123589', 'F9': '12589', 'G1': '1679', 'G2': '4', 'G3': '2', 'G4': '13579', 'G5': '13567', 'G6': '13579', 'G7': '8', 'G8': '12569', 'G9': '12569', 'H1': '16789', 'H2': '137', 'H3': '5', 'H4': '2', 'H5': '134678', 'H6': '13479', 'H7': '1679', 'H8': '6', 'H9': '1469', 'I1': '17', 'I2': '126789', 'I3': '2789', 'I4': '145789', 'I5': '145678', 'I6': '14579', 'I7': '15679', 'I8': '124569', 'I9': '3'}.
2017-07-22 03:23:06,821 - WARNING - The solution has not converged. Reprocessing again.
2017-07-22 03:23:06,821 - INFO - Processing values using the eliminate technique.
2017-07-22 03:23:06,822 - INFO - Updating box B4: 1345789 -> 135789.
2017-07-22 03:23:06,822 - INFO - Updating box E4: 145 -> 15.
2017-07-22 03:23:06,822 - INFO - Updating box A4: 1345789 -> 135789.
2017-07-22 03:23:06,822 - INFO - Updating box E6: 1245 -> 125.
2017-07-22 03:23:06,822 - INFO - Updating box D1: 14579 -> 1579.
2017-07-22 03:23:06,822 - INFO - Updating box D5: 123457 -> 12357.
2017-07-22 03:23:06,822 - INFO - Updating box I4: 145789 -> 15789.
2017-07-22 03:23:06,823 - INFO - Updating box C4: 34589 -> 3589.
2017-07-22 03:23:06,823 - INFO - Updating box G8: 12569 -> 1569.
2017-07-22 03:23:06,823 - INFO - Updating box F3: 2789 -> 789.
2017-07-22 03:23:06,823 - INFO - Updating box I2: 126789 -> 16789.
2017-07-22 03:23:06,823 - INFO - Updating box E3: 248 -> 48.
2017-07-22 03:23:06,823 - INFO - Updating box G9: 12569 -> 1569.
2017-07-22 03:23:06,824 - INFO - Updating box I3: 2789 -> 789.
2017-07-22 03:23:06,824 - INFO - Updating box G8: 1569 -> 159.
2017-07-22 03:23:06,824 - INFO - Updating box H7: 1679 -> 179.
2017-07-22 03:23:06,824 - INFO - Updating box I8: 124569 -> 12459.
2017-07-22 03:23:06,824 - INFO - Updating box E8: 12568 -> 1258.
2017-07-22 03:23:06,824 - INFO - Updating box G9: 1569 -> 159.
2017-07-22 03:23:06,824 - INFO - Updating box H1: 16789 -> 1789.
2017-07-22 03:23:06,824 - INFO - Updating box A8: 1345689 -> 134589.
2017-07-22 03:23:06,825 - INFO - Updating box H5: 134678 -> 13478.
2017-07-22 03:23:06,825 - INFO - Updating box H9: 1469 -> 149.
2017-07-22 03:23:06,825 - INFO - Updating box I7: 15679 -> 1579.
2017-07-22 03:23:06,825 - INFO - Checking values for feasibility.
2017-07-22 03:23:06,825 - INFO - Values contain no empty strings.
2017-07-22 03:23:06,825 - INFO - Values contain only allowed characters in order.
2017-07-22 03:23:06,826 - INFO - Current values:
{'A1': '2', 'A2': '356789', 'A3': '34789', 'A4': '135789', 'A5': '134578', 'A6': '134579', 'A7': '13569', 'A8': '134589', 'A9': '145', 'B1': '45789', 'B2': '57', 'B3': '34789', 'B4': '135789', 'B5': '134578', 'B6': '6', 'B7': '2', 'B8': '1345', 'B9': '14589', 'C1': '45689', 'C2': '35689', 'C3': '1', 'C4': '3589', 'C5': '23458', 'C6': '23459', 'C7': '35', 'C8': '7', 'C9': '45689', 'D1': '1579', 'D2': '12579', 'D3': '6', 'D4': '4', 'D5': '12357', 'D6': '8', 'D7': '1359', 'D8': '12359', 'D9': '1259', 'E1': '3', 'E2': '1258', 'E3': '48', 'E4': '15', 'E5': '9', 'E6': '125', 'E7': '156', 'E8': '1258', 'E9': '7', 'F1': '15789', 'F2': '125789', 'F3': '789', 'F4': '6', 'F5': '12357', 'F6': '57', 'F7': '4', 'F8': '123589', 'F9': '12589', 'G1': '1679', 'G2': '4', 'G3': '2', 'G4': '13579', 'G5': '13567', 'G6': '13579', 'G7': '8', 'G8': '159', 'G9': '159', 'H1': '1789', 'H2': '137', 'H3': '5', 'H4': '2', 'H5': '13478', 'H6': '13479', 'H7': '179', 'H8': '6', 'H9': '149', 'I1': '17', 'I2': '16789', 'I3': '789', 'I4': '15789', 'I5': '145678', 'I6': '14579', 'I7': '1579', 'I8': '12459', 'I9': '3'}.
2017-07-22 03:23:06,826 - INFO - Processing values using the only choice technique.
2017-07-22 03:23:06,826 - INFO - Updating box E3: 48 -> 4.
2017-07-22 03:23:06,826 - INFO - Updating box E7: 156 -> 6.
2017-07-22 03:23:06,826 - INFO - Updating box I8: 12459 -> 2.
2017-07-22 03:23:06,827 - INFO - Updating box C9: 45689 -> 6.
2017-07-22 03:23:06,827 - INFO - Updating box H2: 137 -> 3.
2017-07-22 03:23:06,827 - INFO - Updating box H9: 149 -> 4.
2017-07-22 03:23:06,828 - INFO - Updating box I1: 17 -> 7.
2017-07-22 03:23:06,828 - INFO - Checking values for feasibility.
2017-07-22 03:23:06,828 - INFO - Values contain no empty strings.
2017-07-22 03:23:06,828 - INFO - Values contain only allowed characters in order.
2017-07-22 03:23:06,828 - INFO - Current values:
{'A1': '2', 'A2': '356789', 'A3': '34789', 'A4': '135789', 'A5': '134578', 'A6': '134579', 'A7': '13569', 'A8': '134589', 'A9': '145', 'B1': '45789', 'B2': '57', 'B3': '34789', 'B4': '135789', 'B5': '134578', 'B6': '6', 'B7': '2', 'B8': '1345', 'B9': '14589', 'C1': '45689', 'C2': '35689', 'C3': '1', 'C4': '3589', 'C5': '23458', 'C6': '23459', 'C7': '35', 'C8': '7', 'C9': '6', 'D1': '1579', 'D2': '12579', 'D3': '6', 'D4': '4', 'D5': '12357', 'D6': '8', 'D7': '1359', 'D8': '12359', 'D9': '1259', 'E1': '3', 'E2': '1258', 'E3': '4', 'E4': '15', 'E5': '9', 'E6': '125', 'E7': '6', 'E8': '1258', 'E9': '7', 'F1': '15789', 'F2': '125789', 'F3': '789', 'F4': '6', 'F5': '12357', 'F6': '57', 'F7': '4', 'F8': '123589', 'F9': '12589', 'G1': '1679', 'G2': '4', 'G3': '2', 'G4': '13579', 'G5': '13567', 'G6': '13579', 'G7': '8', 'G8': '159', 'G9': '159', 'H1': '1789', 'H2': '3', 'H3': '5', 'H4': '2', 'H5': '13478', 'H6': '13479', 'H7': '179', 'H8': '6', 'H9': '4', 'I1': '7', 'I2': '16789', 'I3': '789', 'I4': '15789', 'I5': '145678', 'I6': '14579', 'I7': '1579', 'I8': '2', 'I9': '3'}.
2017-07-22 03:23:06,828 - INFO - Processing values using the naked twins technique.
2017-07-22 03:23:06,828 - INFO - Finding naked twins in values.
2017-07-22 03:23:06,829 - WARNING - No naked twins were found.
2017-07-22 03:23:06,829 - INFO - Eliminating twins from peers[B2], peers[F6]: 57, 57 -> '', ''.
2017-07-22 03:23:06,829 - INFO - Eliminating twins from peers[F6], peers[B2]: 57, 57 -> '', ''.
2017-07-22 03:23:06,830 - INFO - Checking values for feasibility.
2017-07-22 03:23:06,830 - INFO - Values contain no empty strings.
2017-07-22 03:23:06,830 - INFO - Values contain only allowed characters in order.
2017-07-22 03:23:06,830 - INFO - Current values:
{'A1': '2', 'A2': '356789', 'A3': '34789', 'A4': '135789', 'A5': '134578', 'A6': '134579', 'A7': '13569', 'A8': '134589', 'A9': '145', 'B1': '45789', 'B2': '57', 'B3': '34789', 'B4': '135789', 'B5': '134578', 'B6': '6', 'B7': '2', 'B8': '1345', 'B9': '14589', 'C1': '45689', 'C2': '35689', 'C3': '1', 'C4': '3589', 'C5': '23458', 'C6': '23459', 'C7': '35', 'C8': '7', 'C9': '6', 'D1': '1579', 'D2': '12579', 'D3': '6', 'D4': '4', 'D5': '12357', 'D6': '8', 'D7': '1359', 'D8': '12359', 'D9': '1259', 'E1': '3', 'E2': '1258', 'E3': '4', 'E4': '15', 'E5': '9', 'E6': '125', 'E7': '6', 'E8': '1258', 'E9': '7', 'F1': '15789', 'F2': '125789', 'F3': '789', 'F4': '6', 'F5': '12357', 'F6': '57', 'F7': '4', 'F8': '123589', 'F9': '12589', 'G1': '1679', 'G2': '4', 'G3': '2', 'G4': '13579', 'G5': '13567', 'G6': '13579', 'G7': '8', 'G8': '159', 'G9': '159', 'H1': '1789', 'H2': '3', 'H3': '5', 'H4': '2', 'H5': '13478', 'H6': '13479', 'H7': '179', 'H8': '6', 'H9': '4', 'I1': '7', 'I2': '16789', 'I3': '789', 'I4': '15789', 'I5': '145678', 'I6': '14579', 'I7': '1579', 'I8': '2', 'I9': '3'}.
2017-07-22 03:23:06,830 - WARNING - The solution has not converged. Reprocessing again.
2017-07-22 03:23:06,830 - INFO - Processing values using the eliminate technique.
2017-07-22 03:23:06,831 - INFO - Updating box C1: 45689 -> 4589.
2017-07-22 03:23:06,831 - INFO - Updating box C2: 35689 -> 3589.
2017-07-22 03:23:06,831 - INFO - Updating box A7: 13569 -> 1359.
2017-07-22 03:23:06,831 - INFO - Updating box A3: 34789 -> 3789.
2017-07-22 03:23:06,831 - INFO - Updating box B3: 34789 -> 3789.
2017-07-22 03:23:06,832 - INFO - Updating box B8: 1345 -> 145.
2017-07-22 03:23:06,832 - INFO - Updating box H6: 13479 -> 1479.
2017-07-22 03:23:06,832 - INFO - Updating box C2: 3589 -> 589.
2017-07-22 03:23:06,832 - INFO - Updating box A2: 356789 -> 56789.
2017-07-22 03:23:06,832 - INFO - Updating box H5: 13478 -> 1478.
2017-07-22 03:23:06,832 - INFO - Updating box C7: 35 -> 5.
2017-07-22 03:23:06,832 - INFO - Updating box H6: 1479 -> 179.
2017-07-22 03:23:06,833 - INFO - Updating box B9: 14589 -> 1589.
2017-07-22 03:23:06,833 - INFO - Updating box H5: 1478 -> 178.
2017-07-22 03:23:06,833 - INFO - Updating box A9: 145 -> 15.
2017-07-22 03:23:06,833 - INFO - Updating box I6: 14579 -> 1459.
2017-07-22 03:23:06,833 - INFO - Updating box G1: 1679 -> 169.
2017-07-22 03:23:06,833 - INFO - Updating box I2: 16789 -> 1689.
2017-07-22 03:23:06,833 - INFO - Updating box H1: 1789 -> 189.
2017-07-22 03:23:06,833 - INFO - Updating box B1: 45789 -> 4589.
2017-07-22 03:23:06,834 - INFO - Updating box D1: 1579 -> 159.
2017-07-22 03:23:06,834 - INFO - Updating box I4: 15789 -> 1589.
2017-07-22 03:23:06,834 - INFO - Updating box I3: 789 -> 89.
2017-07-22 03:23:06,834 - INFO - Updating box F1: 15789 -> 1589.
2017-07-22 03:23:06,834 - INFO - Updating box I7: 1579 -> 159.
2017-07-22 03:23:06,834 - INFO - Updating box I5: 145678 -> 14568.
2017-07-22 03:23:06,834 - INFO - Updating box E8: 1258 -> 158.
2017-07-22 03:23:06,834 - INFO - Updating box F8: 123589 -> 13589.
2017-07-22 03:23:06,835 - INFO - Updating box D8: 12359 -> 1359.
2017-07-22 03:23:06,835 - INFO - Checking values for feasibility.
2017-07-22 03:23:06,835 - INFO - Values contain no empty strings.
2017-07-22 03:23:06,835 - INFO - Values contain only allowed characters in order.
2017-07-22 03:23:06,835 - INFO - Current values:
{'A1': '2', 'A2': '56789', 'A3': '3789', 'A4': '135789', 'A5': '134578', 'A6': '134579', 'A7': '1359', 'A8': '134589', 'A9': '15', 'B1': '4589', 'B2': '57', 'B3': '3789', 'B4': '135789', 'B5': '134578', 'B6': '6', 'B7': '2', 'B8': '145', 'B9': '1589', 'C1': '4589', 'C2': '589', 'C3': '1', 'C4': '3589', 'C5': '23458', 'C6': '23459', 'C7': '5', 'C8': '7', 'C9': '6', 'D1': '159', 'D2': '12579', 'D3': '6', 'D4': '4', 'D5': '12357', 'D6': '8', 'D7': '1359', 'D8': '1359', 'D9': '1259', 'E1': '3', 'E2': '1258', 'E3': '4', 'E4': '15', 'E5': '9', 'E6': '125', 'E7': '6', 'E8': '158', 'E9': '7', 'F1': '1589', 'F2': '125789', 'F3': '789', 'F4': '6', 'F5': '12357', 'F6': '57', 'F7': '4', 'F8': '13589', 'F9': '12589', 'G1': '169', 'G2': '4', 'G3': '2', 'G4': '13579', 'G5': '13567', 'G6': '13579', 'G7': '8', 'G8': '159', 'G9': '159', 'H1': '189', 'H2': '3', 'H3': '5', 'H4': '2', 'H5': '178', 'H6': '179', 'H7': '179', 'H8': '6', 'H9': '4', 'I1': '7', 'I2': '1689', 'I3': '89', 'I4': '1589', 'I5': '14568', 'I6': '1459', 'I7': '159', 'I8': '2', 'I9': '3'}.
2017-07-22 03:23:06,835 - INFO - Processing values using the only choice technique.
2017-07-22 03:23:06,835 - INFO - Updating box A2: 56789 -> 6.
2017-07-22 03:23:06,836 - INFO - Updating box G1: 169 -> 6.
2017-07-22 03:23:06,836 - INFO - Updating box H7: 179 -> 7.
2017-07-22 03:23:06,837 - INFO - Updating box B8: 145 -> 4.
2017-07-22 03:23:06,837 - INFO - Checking values for feasibility.
2017-07-22 03:23:06,837 - INFO - Values contain no empty strings.
2017-07-22 03:23:06,837 - INFO - Values contain only allowed characters in order.
2017-07-22 03:23:06,837 - INFO - Current values:
{'A1': '2', 'A2': '6', 'A3': '3789', 'A4': '135789', 'A5': '134578', 'A6': '134579', 'A7': '1359', 'A8': '134589', 'A9': '15', 'B1': '4589', 'B2': '57', 'B3': '3789', 'B4': '135789', 'B5': '134578', 'B6': '6', 'B7': '2', 'B8': '4', 'B9': '1589', 'C1': '4589', 'C2': '589', 'C3': '1', 'C4': '3589', 'C5': '23458', 'C6': '23459', 'C7': '5', 'C8': '7', 'C9': '6', 'D1': '159', 'D2': '12579', 'D3': '6', 'D4': '4', 'D5': '12357', 'D6': '8', 'D7': '1359', 'D8': '1359', 'D9': '1259', 'E1': '3', 'E2': '1258', 'E3': '4', 'E4': '15', 'E5': '9', 'E6': '125', 'E7': '6', 'E8': '158', 'E9': '7', 'F1': '1589', 'F2': '125789', 'F3': '789', 'F4': '6', 'F5': '12357', 'F6': '57', 'F7': '4', 'F8': '13589', 'F9': '12589', 'G1': '6', 'G2': '4', 'G3': '2', 'G4': '13579', 'G5': '13567', 'G6': '13579', 'G7': '8', 'G8': '159', 'G9': '159', 'H1': '189', 'H2': '3', 'H3': '5', 'H4': '2', 'H5': '178', 'H6': '179', 'H7': '7', 'H8': '6', 'H9': '4', 'I1': '7', 'I2': '1689', 'I3': '89', 'I4': '1589', 'I5': '14568', 'I6': '1459', 'I7': '159', 'I8': '2', 'I9': '3'}.
2017-07-22 03:23:06,838 - INFO - Processing values using the naked twins technique.
2017-07-22 03:23:06,838 - INFO - Finding naked twins in values.
2017-07-22 03:23:06,838 - WARNING - No naked twins were found.
2017-07-22 03:23:06,838 - INFO - Eliminating twins from peers[B2], peers[F6]: 57, 57 -> '', ''.
2017-07-22 03:23:06,839 - INFO - Eliminating twins from peers[F6], peers[B2]: 57, 57 -> '', ''.
2017-07-22 03:23:06,839 - INFO - Checking values for feasibility.
2017-07-22 03:23:06,839 - INFO - Values contain no empty strings.
2017-07-22 03:23:06,839 - INFO - Values contain only allowed characters in order.
2017-07-22 03:23:06,839 - INFO - Current values:
{'A1': '2', 'A2': '6', 'A3': '3789', 'A4': '135789', 'A5': '134578', 'A6': '134579', 'A7': '1359', 'A8': '134589', 'A9': '15', 'B1': '4589', 'B2': '57', 'B3': '3789', 'B4': '135789', 'B5': '134578', 'B6': '6', 'B7': '2', 'B8': '4', 'B9': '1589', 'C1': '4589', 'C2': '589', 'C3': '1', 'C4': '3589', 'C5': '23458', 'C6': '23459', 'C7': '5', 'C8': '7', 'C9': '6', 'D1': '159', 'D2': '12579', 'D3': '6', 'D4': '4', 'D5': '12357', 'D6': '8', 'D7': '1359', 'D8': '1359', 'D9': '1259', 'E1': '3', 'E2': '1258', 'E3': '4', 'E4': '15', 'E5': '9', 'E6': '125', 'E7': '6', 'E8': '158', 'E9': '7', 'F1': '1589', 'F2': '125789', 'F3': '789', 'F4': '6', 'F5': '12357', 'F6': '57', 'F7': '4', 'F8': '13589', 'F9': '12589', 'G1': '6', 'G2': '4', 'G3': '2', 'G4': '13579', 'G5': '13567', 'G6': '13579', 'G7': '8', 'G8': '159', 'G9': '159', 'H1': '189', 'H2': '3', 'H3': '5', 'H4': '2', 'H5': '178', 'H6': '179', 'H7': '7', 'H8': '6', 'H9': '4', 'I1': '7', 'I2': '1689', 'I3': '89', 'I4': '1589', 'I5': '14568', 'I6': '1459', 'I7': '159', 'I8': '2', 'I9': '3'}.
2017-07-22 03:23:06,839 - WARNING - The solution has not converged. Reprocessing again.
2017-07-22 03:23:06,840 - INFO - Processing values using the eliminate technique.
2017-07-22 03:23:06,840 - INFO - Updating box I2: 1689 -> 189.
2017-07-22 03:23:06,840 - INFO - Updating box B5: 134578 -> 13578.
2017-07-22 03:23:06,840 - INFO - Updating box A8: 134589 -> 13589.
2017-07-22 03:23:06,840 - INFO - Updating box B1: 4589 -> 589.
2017-07-22 03:23:06,840 - INFO - Updating box C1: 4589 -> 489.
2017-07-22 03:23:06,841 - INFO - Updating box C2: 589 -> 89.
2017-07-22 03:23:06,841 - INFO - Updating box B9: 1589 -> 189.
2017-07-22 03:23:06,841 - INFO - Updating box D7: 1359 -> 139.
2017-07-22 03:23:06,841 - INFO - Updating box A8: 13589 -> 1389.
2017-07-22 03:23:06,841 - INFO - Updating box C5: 23458 -> 2348.
2017-07-22 03:23:06,841 - INFO - Updating box C6: 23459 -> 2349.
2017-07-22 03:23:06,841 - INFO - Updating box A9: 15 -> 1.
2017-07-22 03:23:06,841 - INFO - Updating box A7: 1359 -> 139.
2017-07-22 03:23:06,841 - INFO - Updating box I7: 159 -> 19.
2017-07-22 03:23:06,842 - INFO - Updating box C4: 3589 -> 389.
2017-07-22 03:23:06,842 - INFO - Updating box G5: 13567 -> 1357.
2017-07-22 03:23:06,842 - INFO - Updating box H6: 179 -> 19.
2017-07-22 03:23:06,842 - INFO - Updating box H5: 178 -> 18.
2017-07-22 03:23:06,843 - INFO - Checking values for feasibility.
2017-07-22 03:23:06,843 - INFO - Values contain no empty strings.
2017-07-22 03:23:06,843 - INFO - Values contain only allowed characters in order.
2017-07-22 03:23:06,843 - INFO - Current values:
{'A1': '2', 'A2': '6', 'A3': '3789', 'A4': '135789', 'A5': '134578', 'A6': '134579', 'A7': '139', 'A8': '1389', 'A9': '1', 'B1': '589', 'B2': '57', 'B3': '3789', 'B4': '135789', 'B5': '13578', 'B6': '6', 'B7': '2', 'B8': '4', 'B9': '189', 'C1': '489', 'C2': '89', 'C3': '1', 'C4': '389', 'C5': '2348', 'C6': '2349', 'C7': '5', 'C8': '7', 'C9': '6', 'D1': '159', 'D2': '12579', 'D3': '6', 'D4': '4', 'D5': '12357', 'D6': '8', 'D7': '139', 'D8': '1359', 'D9': '1259', 'E1': '3', 'E2': '1258', 'E3': '4', 'E4': '15', 'E5': '9', 'E6': '125', 'E7': '6', 'E8': '158', 'E9': '7', 'F1': '1589', 'F2': '125789', 'F3': '789', 'F4': '6', 'F5': '12357', 'F6': '57', 'F7': '4', 'F8': '13589', 'F9': '12589', 'G1': '6', 'G2': '4', 'G3': '2', 'G4': '13579', 'G5': '1357', 'G6': '13579', 'G7': '8', 'G8': '159', 'G9': '159', 'H1': '189', 'H2': '3', 'H3': '5', 'H4': '2', 'H5': '18', 'H6': '19', 'H7': '7', 'H8': '6', 'H9': '4', 'I1': '7', 'I2': '189', 'I3': '89', 'I4': '1589', 'I5': '14568', 'I6': '1459', 'I7': '19', 'I8': '2', 'I9': '3'}.
2017-07-22 03:23:06,843 - INFO - Processing values using the only choice technique.
2017-07-22 03:23:06,844 - INFO - Updating box I5: 14568 -> 6.
2017-07-22 03:23:06,844 - INFO - Updating box C1: 489 -> 4.
2017-07-22 03:23:06,844 - INFO - Updating box I6: 1459 -> 4.
2017-07-22 03:23:06,845 - INFO - Checking values for feasibility.
2017-07-22 03:23:06,845 - INFO - Values contain no empty strings.
2017-07-22 03:23:06,845 - INFO - Values contain only allowed characters in order.
2017-07-22 03:23:06,845 - INFO - Current values:
{'A1': '2', 'A2': '6', 'A3': '3789', 'A4': '135789', 'A5': '134578', 'A6': '134579', 'A7': '139', 'A8': '1389', 'A9': '1', 'B1': '589', 'B2': '57', 'B3': '3789', 'B4': '135789', 'B5': '13578', 'B6': '6', 'B7': '2', 'B8': '4', 'B9': '189', 'C1': '4', 'C2': '89', 'C3': '1', 'C4': '389', 'C5': '2348', 'C6': '2349', 'C7': '5', 'C8': '7', 'C9': '6', 'D1': '159', 'D2': '12579', 'D3': '6', 'D4': '4', 'D5': '12357', 'D6': '8', 'D7': '139', 'D8': '1359', 'D9': '1259', 'E1': '3', 'E2': '1258', 'E3': '4', 'E4': '15', 'E5': '9', 'E6': '125', 'E7': '6', 'E8': '158', 'E9': '7', 'F1': '1589', 'F2': '125789', 'F3': '789', 'F4': '6', 'F5': '12357', 'F6': '57', 'F7': '4', 'F8': '13589', 'F9': '12589', 'G1': '6', 'G2': '4', 'G3': '2', 'G4': '13579', 'G5': '1357', 'G6': '13579', 'G7': '8', 'G8': '159', 'G9': '159', 'H1': '189', 'H2': '3', 'H3': '5', 'H4': '2', 'H5': '18', 'H6': '19', 'H7': '7', 'H8': '6', 'H9': '4', 'I1': '7', 'I2': '189', 'I3': '89', 'I4': '1589', 'I5': '6', 'I6': '4', 'I7': '19', 'I8': '2', 'I9': '3'}.
2017-07-22 03:23:06,845 - INFO - Processing values using the naked twins technique.
2017-07-22 03:23:06,845 - INFO - Finding naked twins in values.
2017-07-22 03:23:06,846 - WARNING - No naked twins were found.
2017-07-22 03:23:06,846 - INFO - Eliminating twins from peers[B2], peers[F6]: 57, 57 -> '', ''.
2017-07-22 03:23:06,846 - INFO - Eliminating twins from peers[F6], peers[B2]: 57, 57 -> '', ''.
2017-07-22 03:23:06,846 - INFO - Checking values for feasibility.
2017-07-22 03:23:06,847 - INFO - Values contain no empty strings.
2017-07-22 03:23:06,847 - INFO - Values contain only allowed characters in order.
2017-07-22 03:23:06,847 - INFO - Current values:
{'A1': '2', 'A2': '6', 'A3': '3789', 'A4': '135789', 'A5': '134578', 'A6': '134579', 'A7': '139', 'A8': '1389', 'A9': '1', 'B1': '589', 'B2': '57', 'B3': '3789', 'B4': '135789', 'B5': '13578', 'B6': '6', 'B7': '2', 'B8': '4', 'B9': '189', 'C1': '4', 'C2': '89', 'C3': '1', 'C4': '389', 'C5': '2348', 'C6': '2349', 'C7': '5', 'C8': '7', 'C9': '6', 'D1': '159', 'D2': '12579', 'D3': '6', 'D4': '4', 'D5': '12357', 'D6': '8', 'D7': '139', 'D8': '1359', 'D9': '1259', 'E1': '3', 'E2': '1258', 'E3': '4', 'E4': '15', 'E5': '9', 'E6': '125', 'E7': '6', 'E8': '158', 'E9': '7', 'F1': '1589', 'F2': '125789', 'F3': '789', 'F4': '6', 'F5': '12357', 'F6': '57', 'F7': '4', 'F8': '13589', 'F9': '12589', 'G1': '6', 'G2': '4', 'G3': '2', 'G4': '13579', 'G5': '1357', 'G6': '13579', 'G7': '8', 'G8': '159', 'G9': '159', 'H1': '189', 'H2': '3', 'H3': '5', 'H4': '2', 'H5': '18', 'H6': '19', 'H7': '7', 'H8': '6', 'H9': '4', 'I1': '7', 'I2': '189', 'I3': '89', 'I4': '1589', 'I5': '6', 'I6': '4', 'I7': '19', 'I8': '2', 'I9': '3'}.
2017-07-22 03:23:06,847 - WARNING - The solution has not converged. Reprocessing again.
2017-07-22 03:23:06,847 - INFO - Processing values using the eliminate technique.
2017-07-22 03:23:06,847 - INFO - Updating box A6: 134579 -> 34579.
2017-07-22 03:23:06,848 - INFO - Updating box A5: 134578 -> 34578.
2017-07-22 03:23:06,848 - INFO - Updating box B9: 189 -> 89.
2017-07-22 03:23:06,848 - INFO - Updating box A4: 135789 -> 35789.
2017-07-22 03:23:06,848 - INFO - Updating box G9: 159 -> 59.
2017-07-22 03:23:06,848 - INFO - Updating box A8: 1389 -> 389.
2017-07-22 03:23:06,848 - INFO - Updating box F9: 12589 -> 2589.
2017-07-22 03:23:06,848 - INFO - Updating box D9: 1259 -> 259.
2017-07-22 03:23:06,848 - INFO - Updating box A7: 139 -> 39.
2017-07-22 03:23:06,849 - INFO - Updating box C5: 2348 -> 238.
2017-07-22 03:23:06,849 - INFO - Updating box C6: 2349 -> 239.
2017-07-22 03:23:06,850 - INFO - Updating box A6: 34579 -> 3579.
2017-07-22 03:23:06,850 - INFO - Checking values for feasibility.
2017-07-22 03:23:06,850 - INFO - Values contain no empty strings.
2017-07-22 03:23:06,850 - INFO - Values contain only allowed characters in order.
2017-07-22 03:23:06,850 - INFO - Current values:
{'A1': '2', 'A2': '6', 'A3': '3789', 'A4': '35789', 'A5': '34578', 'A6': '3579', 'A7': '39', 'A8': '389', 'A9': '1', 'B1': '589', 'B2': '57', 'B3': '3789', 'B4': '135789', 'B5': '13578', 'B6': '6', 'B7': '2', 'B8': '4', 'B9': '89', 'C1': '4', 'C2': '89', 'C3': '1', 'C4': '389', 'C5': '238', 'C6': '239', 'C7': '5', 'C8': '7', 'C9': '6', 'D1': '159', 'D2': '12579', 'D3': '6', 'D4': '4', 'D5': '12357', 'D6': '8', 'D7': '139', 'D8': '1359', 'D9': '259', 'E1': '3', 'E2': '1258', 'E3': '4', 'E4': '15', 'E5': '9', 'E6': '125', 'E7': '6', 'E8': '158', 'E9': '7', 'F1': '1589', 'F2': '125789', 'F3': '789', 'F4': '6', 'F5': '12357', 'F6': '57', 'F7': '4', 'F8': '13589', 'F9': '2589', 'G1': '6', 'G2': '4', 'G3': '2', 'G4': '13579', 'G5': '1357', 'G6': '13579', 'G7': '8', 'G8': '159', 'G9': '59', 'H1': '189', 'H2': '3', 'H3': '5', 'H4': '2', 'H5': '18', 'H6': '19', 'H7': '7', 'H8': '6', 'H9': '4', 'I1': '7', 'I2': '189', 'I3': '89', 'I4': '1589', 'I5': '6', 'I6': '4', 'I7': '19', 'I8': '2', 'I9': '3'}.
2017-07-22 03:23:06,850 - INFO - Processing values using the only choice technique.
2017-07-22 03:23:06,851 - INFO - Updating box A5: 34578 -> 4.
2017-07-22 03:23:06,851 - INFO - Updating box I4: 1589 -> 5.
2017-07-22 03:23:06,852 - INFO - Updating box H5: 18 -> 8.
2017-07-22 03:23:06,852 - INFO - Checking values for feasibility.
2017-07-22 03:23:06,852 - INFO - Values contain no empty strings.
2017-07-22 03:23:06,852 - INFO - Values contain only allowed characters in order.
2017-07-22 03:23:06,852 - INFO - Current values:
{'A1': '2', 'A2': '6', 'A3': '3789', 'A4': '35789', 'A5': '4', 'A6': '3579', 'A7': '39', 'A8': '389', 'A9': '1', 'B1': '589', 'B2': '57', 'B3': '3789', 'B4': '135789', 'B5': '13578', 'B6': '6', 'B7': '2', 'B8': '4', 'B9': '89', 'C1': '4', 'C2': '89', 'C3': '1', 'C4': '389', 'C5': '238', 'C6': '239', 'C7': '5', 'C8': '7', 'C9': '6', 'D1': '159', 'D2': '12579', 'D3': '6', 'D4': '4', 'D5': '12357', 'D6': '8', 'D7': '139', 'D8': '1359', 'D9': '259', 'E1': '3', 'E2': '1258', 'E3': '4', 'E4': '15', 'E5': '9', 'E6': '125', 'E7': '6', 'E8': '158', 'E9': '7', 'F1': '1589', 'F2': '125789', 'F3': '789', 'F4': '6', 'F5': '12357', 'F6': '57', 'F7': '4', 'F8': '13589', 'F9': '2589', 'G1': '6', 'G2': '4', 'G3': '2', 'G4': '13579', 'G5': '1357', 'G6': '13579', 'G7': '8', 'G8': '159', 'G9': '59', 'H1': '189', 'H2': '3', 'H3': '5', 'H4': '2', 'H5': '8', 'H6': '19', 'H7': '7', 'H8': '6', 'H9': '4', 'I1': '7', 'I2': '189', 'I3': '89', 'I4': '5', 'I5': '6', 'I6': '4', 'I7': '19', 'I8': '2', 'I9': '3'}.
2017-07-22 03:23:06,853 - INFO - Processing values using the naked twins technique.
2017-07-22 03:23:06,853 - INFO - Finding naked twins in values.
2017-07-22 03:23:06,853 - WARNING - No naked twins were found.
2017-07-22 03:23:06,853 - INFO - Eliminating twins from peers[B2], peers[F6]: 57, 57 -> '', ''.
2017-07-22 03:23:06,854 - INFO - Eliminating twins from peers[F6], peers[B2]: 57, 57 -> '', ''.
2017-07-22 03:23:06,854 - INFO - Checking values for feasibility.
2017-07-22 03:23:06,854 - INFO - Values contain no empty strings.
2017-07-22 03:23:06,854 - INFO - Values contain only allowed characters in order.
2017-07-22 03:23:06,854 - INFO - Current values:
{'A1': '2', 'A2': '6', 'A3': '3789', 'A4': '35789', 'A5': '4', 'A6': '3579', 'A7': '39', 'A8': '389', 'A9': '1', 'B1': '589', 'B2': '57', 'B3': '3789', 'B4': '135789', 'B5': '13578', 'B6': '6', 'B7': '2', 'B8': '4', 'B9': '89', 'C1': '4', 'C2': '89', 'C3': '1', 'C4': '389', 'C5': '238', 'C6': '239', 'C7': '5', 'C8': '7', 'C9': '6', 'D1': '159', 'D2': '12579', 'D3': '6', 'D4': '4', 'D5': '12357', 'D6': '8', 'D7': '139', 'D8': '1359', 'D9': '259', 'E1': '3', 'E2': '1258', 'E3': '4', 'E4': '15', 'E5': '9', 'E6': '125', 'E7': '6', 'E8': '158', 'E9': '7', 'F1': '1589', 'F2': '125789', 'F3': '789', 'F4': '6', 'F5': '12357', 'F6': '57', 'F7': '4', 'F8': '13589', 'F9': '2589', 'G1': '6', 'G2': '4', 'G3': '2', 'G4': '13579', 'G5': '1357', 'G6': '13579', 'G7': '8', 'G8': '159', 'G9': '59', 'H1': '189', 'H2': '3', 'H3': '5', 'H4': '2', 'H5': '8', 'H6': '19', 'H7': '7', 'H8': '6', 'H9': '4', 'I1': '7', 'I2': '189', 'I3': '89', 'I4': '5', 'I5': '6', 'I6': '4', 'I7': '19', 'I8': '2', 'I9': '3'}.
2017-07-22 03:23:06,854 - WARNING - The solution has not converged. Reprocessing again.
2017-07-22 03:23:06,854 - INFO - Processing values using the eliminate technique.
2017-07-22 03:23:06,855 - INFO - Updating box B5: 13578 -> 1357.
2017-07-22 03:23:06,856 - INFO - Updating box H1: 189 -> 19.
2017-07-22 03:23:06,856 - INFO - Updating box C5: 238 -> 23.
2017-07-22 03:23:06,856 - INFO - Updating box B4: 135789 -> 13789.
2017-07-22 03:23:06,856 - INFO - Updating box G6: 13579 -> 1379.
2017-07-22 03:23:06,856 - INFO - Updating box E4: 15 -> 1.
2017-07-22 03:23:06,856 - INFO - Updating box G5: 1357 -> 137.
2017-07-22 03:23:06,857 - INFO - Updating box A4: 35789 -> 3789.
2017-07-22 03:23:06,857 - INFO - Updating box G4: 13579 -> 1379.
2017-07-22 03:23:06,857 - INFO - Checking values for feasibility.
2017-07-22 03:23:06,857 - INFO - Values contain no empty strings.
2017-07-22 03:23:06,857 - INFO - Values contain only allowed characters in order.
2017-07-22 03:23:06,857 - INFO - Current values:
{'A1': '2', 'A2': '6', 'A3': '3789', 'A4': '3789', 'A5': '4', 'A6': '3579', 'A7': '39', 'A8': '389', 'A9': '1', 'B1': '589', 'B2': '57', 'B3': '3789', 'B4': '13789', 'B5': '1357', 'B6': '6', 'B7': '2', 'B8': '4', 'B9': '89', 'C1': '4', 'C2': '89', 'C3': '1', 'C4': '389', 'C5': '23', 'C6': '239', 'C7': '5', 'C8': '7', 'C9': '6', 'D1': '159', 'D2': '12579', 'D3': '6', 'D4': '4', 'D5': '12357', 'D6': '8', 'D7': '139', 'D8': '1359', 'D9': '259', 'E1': '3', 'E2': '1258', 'E3': '4', 'E4': '1', 'E5': '9', 'E6': '125', 'E7': '6', 'E8': '158', 'E9': '7', 'F1': '1589', 'F2': '125789', 'F3': '789', 'F4': '6', 'F5': '12357', 'F6': '57', 'F7': '4', 'F8': '13589', 'F9': '2589', 'G1': '6', 'G2': '4', 'G3': '2', 'G4': '1379', 'G5': '137', 'G6': '1379', 'G7': '8', 'G8': '159', 'G9': '59', 'H1': '19', 'H2': '3', 'H3': '5', 'H4': '2', 'H5': '8', 'H6': '19', 'H7': '7', 'H8': '6', 'H9': '4', 'I1': '7', 'I2': '189', 'I3': '89', 'I4': '5', 'I5': '6', 'I6': '4', 'I7': '19', 'I8': '2', 'I9': '3'}.
2017-07-22 03:23:06,858 - INFO - Processing values using the only choice technique.
2017-07-22 03:23:06,858 - INFO - Updating box A6: 3579 -> 5.
2017-07-22 03:23:06,859 - INFO - Checking values for feasibility.
2017-07-22 03:23:06,859 - INFO - Values contain no empty strings.
2017-07-22 03:23:06,859 - INFO - Values contain only allowed characters in order.
2017-07-22 03:23:06,859 - INFO - Current values:
{'A1': '2', 'A2': '6', 'A3': '3789', 'A4': '3789', 'A5': '4', 'A6': '5', 'A7': '39', 'A8': '389', 'A9': '1', 'B1': '589', 'B2': '57', 'B3': '3789', 'B4': '13789', 'B5': '1357', 'B6': '6', 'B7': '2', 'B8': '4', 'B9': '89', 'C1': '4', 'C2': '89', 'C3': '1', 'C4': '389', 'C5': '23', 'C6': '239', 'C7': '5', 'C8': '7', 'C9': '6', 'D1': '159', 'D2': '12579', 'D3': '6', 'D4': '4', 'D5': '12357', 'D6': '8', 'D7': '139', 'D8': '1359', 'D9': '259', 'E1': '3', 'E2': '1258', 'E3': '4', 'E4': '1', 'E5': '9', 'E6': '125', 'E7': '6', 'E8': '158', 'E9': '7', 'F1': '1589', 'F2': '125789', 'F3': '789', 'F4': '6', 'F5': '12357', 'F6': '57', 'F7': '4', 'F8': '13589', 'F9': '2589', 'G1': '6', 'G2': '4', 'G3': '2', 'G4': '1379', 'G5': '137', 'G6': '1379', 'G7': '8', 'G8': '159', 'G9': '59', 'H1': '19', 'H2': '3', 'H3': '5', 'H4': '2', 'H5': '8', 'H6': '19', 'H7': '7', 'H8': '6', 'H9': '4', 'I1': '7', 'I2': '189', 'I3': '89', 'I4': '5', 'I5': '6', 'I6': '4', 'I7': '19', 'I8': '2', 'I9': '3'}.
2017-07-22 03:23:06,859 - INFO - Processing values using the naked twins technique.
2017-07-22 03:23:06,860 - INFO - Finding naked twins in values.
2017-07-22 03:23:06,860 - INFO - Found 4 pairs of naked twins.
2017-07-22 03:23:06,860 - INFO - Eliminating twins from peers[B2], peers[F6]: 57, 57 -> '', ''.
2017-07-22 03:23:06,860 - INFO - Eliminating twins from peers[F6], peers[B2]: 57, 57 -> '', ''.
2017-07-22 03:23:06,861 - INFO - Eliminating twins from peers[H1], peers[H6]: 19, 19 -> '', ''.
2017-07-22 03:23:06,861 - INFO - Eliminating twins from peers[H6], peers[H1]: 19, 19 -> '', ''.
2017-07-22 03:23:06,861 - INFO - Checking values for feasibility.
2017-07-22 03:23:06,861 - INFO - Values contain no empty strings.
2017-07-22 03:23:06,861 - INFO - Values contain only allowed characters in order.
2017-07-22 03:23:06,861 - INFO - Current values:
{'A1': '2', 'A2': '6', 'A3': '3789', 'A4': '3789', 'A5': '4', 'A6': '5', 'A7': '39', 'A8': '389', 'A9': '1', 'B1': '589', 'B2': '57', 'B3': '3789', 'B4': '13789', 'B5': '1357', 'B6': '6', 'B7': '2', 'B8': '4', 'B9': '89', 'C1': '4', 'C2': '89', 'C3': '1', 'C4': '389', 'C5': '23', 'C6': '239', 'C7': '5', 'C8': '7', 'C9': '6', 'D1': '159', 'D2': '12579', 'D3': '6', 'D4': '4', 'D5': '12357', 'D6': '8', 'D7': '139', 'D8': '1359', 'D9': '259', 'E1': '3', 'E2': '1258', 'E3': '4', 'E4': '1', 'E5': '9', 'E6': '125', 'E7': '6', 'E8': '158', 'E9': '7', 'F1': '1589', 'F2': '125789', 'F3': '789', 'F4': '6', 'F5': '12357', 'F6': '57', 'F7': '4', 'F8': '13589', 'F9': '2589', 'G1': '6', 'G2': '4', 'G3': '2', 'G4': '1379', 'G5': '137', 'G6': '1379', 'G7': '8', 'G8': '159', 'G9': '59', 'H1': '19', 'H2': '3', 'H3': '5', 'H4': '2', 'H5': '8', 'H6': '19', 'H7': '7', 'H8': '6', 'H9': '4', 'I1': '7', 'I2': '189', 'I3': '89', 'I4': '5', 'I5': '6', 'I6': '4', 'I7': '19', 'I8': '2', 'I9': '3'}.
2017-07-22 03:23:06,861 - WARNING - The solution has not converged. Reprocessing again.
2017-07-22 03:23:06,862 - INFO - Processing values using the eliminate technique.
2017-07-22 03:23:06,862 - INFO - Updating box B5: 1357 -> 137.
2017-07-22 03:23:06,862 - INFO - Updating box F6: 57 -> 7.
2017-07-22 03:23:06,862 - INFO - Updating box E6: 125 -> 12.
2017-07-22 03:23:06,863 - INFO - Updating box E8: 158 -> 58.
2017-07-22 03:23:06,863 - INFO - Updating box B4: 13789 -> 3789.
2017-07-22 03:23:06,863 - INFO - Updating box G4: 1379 -> 379.
2017-07-22 03:23:06,863 - INFO - Updating box E6: 12 -> 2.
2017-07-22 03:23:06,863 - INFO - Updating box D5: 12357 -> 2357.
2017-07-22 03:23:06,863 - INFO - Updating box F5: 12357 -> 2357.
2017-07-22 03:23:06,863 - INFO - Updating box E2: 1258 -> 258.
2017-07-22 03:23:06,864 - INFO - Checking values for feasibility.
2017-07-22 03:23:06,864 - INFO - Values contain no empty strings.
2017-07-22 03:23:06,864 - INFO - Values contain only allowed characters in order.
2017-07-22 03:23:06,864 - INFO - Current values:
{'A1': '2', 'A2': '6', 'A3': '3789', 'A4': '3789', 'A5': '4', 'A6': '5', 'A7': '39', 'A8': '389', 'A9': '1', 'B1': '589', 'B2': '57', 'B3': '3789', 'B4': '3789', 'B5': '137', 'B6': '6', 'B7': '2', 'B8': '4', 'B9': '89', 'C1': '4', 'C2': '89', 'C3': '1', 'C4': '389', 'C5': '23', 'C6': '239', 'C7': '5', 'C8': '7', 'C9': '6', 'D1': '159', 'D2': '12579', 'D3': '6', 'D4': '4', 'D5': '2357', 'D6': '8', 'D7': '139', 'D8': '1359', 'D9': '259', 'E1': '3', 'E2': '258', 'E3': '4', 'E4': '1', 'E5': '9', 'E6': '2', 'E7': '6', 'E8': '58', 'E9': '7', 'F1': '1589', 'F2': '125789', 'F3': '789', 'F4': '6', 'F5': '2357', 'F6': '7', 'F7': '4', 'F8': '13589', 'F9': '2589', 'G1': '6', 'G2': '4', 'G3': '2', 'G4': '379', 'G5': '137', 'G6': '1379', 'G7': '8', 'G8': '159', 'G9': '59', 'H1': '19', 'H2': '3', 'H3': '5', 'H4': '2', 'H5': '8', 'H6': '19', 'H7': '7', 'H8': '6', 'H9': '4', 'I1': '7', 'I2': '189', 'I3': '89', 'I4': '5', 'I5': '6', 'I6': '4', 'I7': '19', 'I8': '2', 'I9': '3'}.
2017-07-22 03:23:06,865 - INFO - Processing values using the only choice technique.
2017-07-22 03:23:06,865 - INFO - Updating box B5: 137 -> 1.
2017-07-22 03:23:06,866 - INFO - Updating box B2: 57 -> 5.
2017-07-22 03:23:06,866 - INFO - Checking values for feasibility.
2017-07-22 03:23:06,866 - INFO - Values contain no empty strings.
2017-07-22 03:23:06,866 - INFO - Values contain only allowed characters in order.
2017-07-22 03:23:06,866 - INFO - Current values:
{'A1': '2', 'A2': '6', 'A3': '3789', 'A4': '3789', 'A5': '4', 'A6': '5', 'A7': '39', 'A8': '389', 'A9': '1', 'B1': '589', 'B2': '5', 'B3': '3789', 'B4': '3789', 'B5': '1', 'B6': '6', 'B7': '2', 'B8': '4', 'B9': '89', 'C1': '4', 'C2': '89', 'C3': '1', 'C4': '389', 'C5': '23', 'C6': '239', 'C7': '5', 'C8': '7', 'C9': '6', 'D1': '159', 'D2': '12579', 'D3': '6', 'D4': '4', 'D5': '2357', 'D6': '8', 'D7': '139', 'D8': '1359', 'D9': '259', 'E1': '3', 'E2': '258', 'E3': '4', 'E4': '1', 'E5': '9', 'E6': '2', 'E7': '6', 'E8': '58', 'E9': '7', 'F1': '1589', 'F2': '125789', 'F3': '789', 'F4': '6', 'F5': '2357', 'F6': '7', 'F7': '4', 'F8': '13589', 'F9': '2589', 'G1': '6', 'G2': '4', 'G3': '2', 'G4': '379', 'G5': '137', 'G6': '1379', 'G7': '8', 'G8': '159', 'G9': '59', 'H1': '19', 'H2': '3', 'H3': '5', 'H4': '2', 'H5': '8', 'H6': '19', 'H7': '7', 'H8': '6', 'H9': '4', 'I1': '7', 'I2': '189', 'I3': '89', 'I4': '5', 'I5': '6', 'I6': '4', 'I7': '19', 'I8': '2', 'I9': '3'}.
2017-07-22 03:23:06,866 - INFO - Processing values using the naked twins technique.
2017-07-22 03:23:06,867 - INFO - Finding naked twins in values.
2017-07-22 03:23:06,867 - WARNING - No naked twins were found.
2017-07-22 03:23:06,867 - INFO - Eliminating twins from peers[H1], peers[H6]: 19, 19 -> '', ''.
2017-07-22 03:23:06,867 - INFO - Eliminating twins from peers[H6], peers[H1]: 19, 19 -> '', ''.
2017-07-22 03:23:06,868 - INFO - Checking values for feasibility.
2017-07-22 03:23:06,868 - INFO - Values contain no empty strings.
2017-07-22 03:23:06,868 - INFO - Values contain only allowed characters in order.
2017-07-22 03:23:06,868 - INFO - Current values:
{'A1': '2', 'A2': '6', 'A3': '3789', 'A4': '3789', 'A5': '4', 'A6': '5', 'A7': '39', 'A8': '389', 'A9': '1', 'B1': '589', 'B2': '5', 'B3': '3789', 'B4': '3789', 'B5': '1', 'B6': '6', 'B7': '2', 'B8': '4', 'B9': '89', 'C1': '4', 'C2': '89', 'C3': '1', 'C4': '389', 'C5': '23', 'C6': '239', 'C7': '5', 'C8': '7', 'C9': '6', 'D1': '159', 'D2': '12579', 'D3': '6', 'D4': '4', 'D5': '2357', 'D6': '8', 'D7': '139', 'D8': '1359', 'D9': '259', 'E1': '3', 'E2': '258', 'E3': '4', 'E4': '1', 'E5': '9', 'E6': '2', 'E7': '6', 'E8': '58', 'E9': '7', 'F1': '1589', 'F2': '125789', 'F3': '789', 'F4': '6', 'F5': '2357', 'F6': '7', 'F7': '4', 'F8': '13589', 'F9': '2589', 'G1': '6', 'G2': '4', 'G3': '2', 'G4': '379', 'G5': '137', 'G6': '1379', 'G7': '8', 'G8': '159', 'G9': '59', 'H1': '19', 'H2': '3', 'H3': '5', 'H4': '2', 'H5': '8', 'H6': '19', 'H7': '7', 'H8': '6', 'H9': '4', 'I1': '7', 'I2': '189', 'I3': '89', 'I4': '5', 'I5': '6', 'I6': '4', 'I7': '19', 'I8': '2', 'I9': '3'}.
2017-07-22 03:23:06,868 - WARNING - The solution has not converged. Reprocessing again.
2017-07-22 03:23:06,868 - INFO - Processing values using the eliminate technique.
2017-07-22 03:23:06,869 - INFO - Updating box D2: 12579 -> 1279.
2017-07-22 03:23:06,869 - INFO - Updating box F2: 125789 -> 12789.
2017-07-22 03:23:06,869 - INFO - Updating box B1: 589 -> 89.
2017-07-22 03:23:06,869 - INFO - Updating box E2: 258 -> 28.
2017-07-22 03:23:06,869 - INFO - Updating box G5: 137 -> 37.
2017-07-22 03:23:06,870 - INFO - Updating box D5: 2357 -> 357.
2017-07-22 03:23:06,870 - INFO - Updating box C6: 239 -> 39.
2017-07-22 03:23:06,870 - INFO - Updating box F5: 2357 -> 357.
2017-07-22 03:23:06,870 - INFO - Updating box E2: 28 -> 8.
2017-07-22 03:23:06,870 - INFO - Updating box F3: 789 -> 89.
2017-07-22 03:23:06,870 - INFO - Updating box G6: 1379 -> 139.
2017-07-22 03:23:06,871 - INFO - Updating box F2: 12789 -> 1289.
2017-07-22 03:23:06,871 - INFO - Updating box D5: 357 -> 35.
2017-07-22 03:23:06,871 - INFO - Updating box F5: 357 -> 35.
2017-07-22 03:23:06,871 - INFO - Checking values for feasibility.
2017-07-22 03:23:06,872 - INFO - Values contain no empty strings.
2017-07-22 03:23:06,872 - INFO - Values contain only allowed characters in order.
2017-07-22 03:23:06,872 - INFO - Current values:
{'A1': '2', 'A2': '6', 'A3': '3789', 'A4': '3789', 'A5': '4', 'A6': '5', 'A7': '39', 'A8': '389', 'A9': '1', 'B1': '89', 'B2': '5', 'B3': '3789', 'B4': '3789', 'B5': '1', 'B6': '6', 'B7': '2', 'B8': '4', 'B9': '89', 'C1': '4', 'C2': '89', 'C3': '1', 'C4': '389', 'C5': '23', 'C6': '39', 'C7': '5', 'C8': '7', 'C9': '6', 'D1': '159', 'D2': '1279', 'D3': '6', 'D4': '4', 'D5': '35', 'D6': '8', 'D7': '139', 'D8': '1359', 'D9': '259', 'E1': '3', 'E2': '8', 'E3': '4', 'E4': '1', 'E5': '9', 'E6': '2', 'E7': '6', 'E8': '58', 'E9': '7', 'F1': '1589', 'F2': '1289', 'F3': '89', 'F4': '6', 'F5': '35', 'F6': '7', 'F7': '4', 'F8': '13589', 'F9': '2589', 'G1': '6', 'G2': '4', 'G3': '2', 'G4': '379', 'G5': '37', 'G6': '139', 'G7': '8', 'G8': '159', 'G9': '59', 'H1': '19', 'H2': '3', 'H3': '5', 'H4': '2', 'H5': '8', 'H6': '19', 'H7': '7', 'H8': '6', 'H9': '4', 'I1': '7', 'I2': '189', 'I3': '89', 'I4': '5', 'I5': '6', 'I6': '4', 'I7': '19', 'I8': '2', 'I9': '3'}.
2017-07-22 03:23:06,872 - INFO - Processing values using the only choice technique.
2017-07-22 03:23:06,872 - INFO - Updating box C5: 23 -> 2.
2017-07-22 03:23:06,872 - INFO - Updating box D2: 1279 -> 7.
2017-07-22 03:23:06,872 - INFO - Updating box E8: 58 -> 5.
2017-07-22 03:23:06,873 - INFO - Updating box F2: 1289 -> 2.
2017-07-22 03:23:06,873 - INFO - Updating box G5: 37 -> 7.
2017-07-22 03:23:06,874 - INFO - Checking values for feasibility.
2017-07-22 03:23:06,874 - INFO - Values contain no empty strings.
2017-07-22 03:23:06,874 - INFO - Values contain only allowed characters in order.
2017-07-22 03:23:06,874 - INFO - Current values:
{'A1': '2', 'A2': '6', 'A3': '3789', 'A4': '3789', 'A5': '4', 'A6': '5', 'A7': '39', 'A8': '389', 'A9': '1', 'B1': '89', 'B2': '5', 'B3': '3789', 'B4': '3789', 'B5': '1', 'B6': '6', 'B7': '2', 'B8': '4', 'B9': '89', 'C1': '4', 'C2': '89', 'C3': '1', 'C4': '389', 'C5': '2', 'C6': '39', 'C7': '5', 'C8': '7', 'C9': '6', 'D1': '159', 'D2': '7', 'D3': '6', 'D4': '4', 'D5': '35', 'D6': '8', 'D7': '139', 'D8': '1359', 'D9': '259', 'E1': '3', 'E2': '8', 'E3': '4', 'E4': '1', 'E5': '9', 'E6': '2', 'E7': '6', 'E8': '5', 'E9': '7', 'F1': '1589', 'F2': '2', 'F3': '89', 'F4': '6', 'F5': '35', 'F6': '7', 'F7': '4', 'F8': '13589', 'F9': '2589', 'G1': '6', 'G2': '4', 'G3': '2', 'G4': '379', 'G5': '7', 'G6': '139', 'G7': '8', 'G8': '159', 'G9': '59', 'H1': '19', 'H2': '3', 'H3': '5', 'H4': '2', 'H5': '8', 'H6': '19', 'H7': '7', 'H8': '6', 'H9': '4', 'I1': '7', 'I2': '189', 'I3': '89', 'I4': '5', 'I5': '6', 'I6': '4', 'I7': '19', 'I8': '2', 'I9': '3'}.
2017-07-22 03:23:06,874 - INFO - Processing values using the naked twins technique.
2017-07-22 03:23:06,874 - INFO - Finding naked twins in values.
2017-07-22 03:23:06,875 - INFO - Found 9 pairs of naked twins.
2017-07-22 03:23:06,875 - INFO - Eliminating twins from peers[B1], peers[B9]: 89, 89 -> '', ''.
2017-07-22 03:23:06,875 - INFO - Updating box B3: 3789 -> 379.
2017-07-22 03:23:06,875 - INFO - Updating box B3: 379 -> 37.
2017-07-22 03:23:06,875 - INFO - Updating box B4: 3789 -> 379.
2017-07-22 03:23:06,876 - INFO - Updating box B4: 379 -> 37.
2017-07-22 03:23:06,876 - INFO - Eliminating twins from peers[B9], peers[B1]: 89, 89 -> '', ''.
2017-07-22 03:23:06,876 - INFO - Eliminating twins from peers[C2], peers[B1]: 89, 89 -> '', ''.
2017-07-22 03:23:06,876 - INFO - Updating box A3: 3789 -> 379.
2017-07-22 03:23:06,876 - INFO - Updating box A3: 379 -> 37.
2017-07-22 03:23:06,876 - INFO - Eliminating twins from peers[D5], peers[F5]: 35, 35 -> '', ''.
2017-07-22 03:23:06,876 - INFO - Eliminating twins from peers[F3], peers[I3]: 89, 89 -> '', ''.
2017-07-22 03:23:06,876 - INFO - Eliminating twins from peers[F5], peers[D5]: 35, 35 -> '', ''.
2017-07-22 03:23:06,877 - INFO - Eliminating twins from peers[H1], peers[H6]: 19, 19 -> '', ''.
2017-07-22 03:23:06,877 - INFO - Eliminating twins from peers[H6], peers[H1]: 19, 19 -> '', ''.
2017-07-22 03:23:06,877 - INFO - Eliminating twins from peers[I3], peers[F3]: 89, 89 -> '', ''.
2017-07-22 03:23:06,877 - INFO - Checking values for feasibility.
2017-07-22 03:23:06,877 - INFO - Values contain no empty strings.
2017-07-22 03:23:06,877 - INFO - Values contain only allowed characters in order.
2017-07-22 03:23:06,877 - INFO - Current values:
{'A1': '2', 'A2': '6', 'A3': '37', 'A4': '3789', 'A5': '4', 'A6': '5', 'A7': '39', 'A8': '389', 'A9': '1', 'B1': '89', 'B2': '5', 'B3': '37', 'B4': '37', 'B5': '1', 'B6': '6', 'B7': '2', 'B8': '4', 'B9': '89', 'C1': '4', 'C2': '89', 'C3': '1', 'C4': '389', 'C5': '2', 'C6': '39', 'C7': '5', 'C8': '7', 'C9': '6', 'D1': '159', 'D2': '7', 'D3': '6', 'D4': '4', 'D5': '35', 'D6': '8', 'D7': '139', 'D8': '1359', 'D9': '259', 'E1': '3', 'E2': '8', 'E3': '4', 'E4': '1', 'E5': '9', 'E6': '2', 'E7': '6', 'E8': '5', 'E9': '7', 'F1': '1589', 'F2': '2', 'F3': '89', 'F4': '6', 'F5': '35', 'F6': '7', 'F7': '4', 'F8': '13589', 'F9': '2589', 'G1': '6', 'G2': '4', 'G3': '2', 'G4': '379', 'G5': '7', 'G6': '139', 'G7': '8', 'G8': '159', 'G9': '59', 'H1': '19', 'H2': '3', 'H3': '5', 'H4': '2', 'H5': '8', 'H6': '19', 'H7': '7', 'H8': '6', 'H9': '4', 'I1': '7', 'I2': '189', 'I3': '89', 'I4': '5', 'I5': '6', 'I6': '4', 'I7': '19', 'I8': '2', 'I9': '3'}.
2017-07-22 03:23:06,878 - WARNING - The solution has not converged. Reprocessing again.
2017-07-22 03:23:06,878 - INFO - Processing values using the eliminate technique.
2017-07-22 03:23:06,879 - INFO - Updating box F3: 89 -> 9.
2017-07-22 03:23:06,879 - INFO - Updating box C2: 89 -> 9.
2017-07-22 03:23:06,879 - INFO - Updating box I2: 189 -> 19.
2017-07-22 03:23:06,879 - INFO - Updating box F1: 1589 -> 159.
2017-07-22 03:23:06,879 - INFO - Updating box G8: 159 -> 19.
2017-07-22 03:23:06,879 - INFO - Updating box F8: 13589 -> 1389.
2017-07-22 03:23:06,879 - INFO - Updating box D8: 1359 -> 139.
2017-07-22 03:23:06,880 - INFO - Updating box F9: 2589 -> 289.
2017-07-22 03:23:06,880 - INFO - Updating box D9: 259 -> 29.
2017-07-22 03:23:06,880 - INFO - Updating box F9: 289 -> 89.
2017-07-22 03:23:06,880 - INFO - Updating box G4: 379 -> 39.
2017-07-22 03:23:06,881 - INFO - Checking values for feasibility.
2017-07-22 03:23:06,881 - INFO - Values contain no empty strings.
2017-07-22 03:23:06,881 - INFO - Values contain only allowed characters in order.
2017-07-22 03:23:06,881 - INFO - Current values:
{'A1': '2', 'A2': '6', 'A3': '37', 'A4': '3789', 'A5': '4', 'A6': '5', 'A7': '39', 'A8': '389', 'A9': '1', 'B1': '89', 'B2': '5', 'B3': '37', 'B4': '37', 'B5': '1', 'B6': '6', 'B7': '2', 'B8': '4', 'B9': '89', 'C1': '4', 'C2': '9', 'C3': '1', 'C4': '389', 'C5': '2', 'C6': '39', 'C7': '5', 'C8': '7', 'C9': '6', 'D1': '159', 'D2': '7', 'D3': '6', 'D4': '4', 'D5': '35', 'D6': '8', 'D7': '139', 'D8': '139', 'D9': '29', 'E1': '3', 'E2': '8', 'E3': '4', 'E4': '1', 'E5': '9', 'E6': '2', 'E7': '6', 'E8': '5', 'E9': '7', 'F1': '159', 'F2': '2', 'F3': '9', 'F4': '6', 'F5': '35', 'F6': '7', 'F7': '4', 'F8': '1389', 'F9': '89', 'G1': '6', 'G2': '4', 'G3': '2', 'G4': '39', 'G5': '7', 'G6': '139', 'G7': '8', 'G8': '19', 'G9': '59', 'H1': '19', 'H2': '3', 'H3': '5', 'H4': '2', 'H5': '8', 'H6': '19', 'H7': '7', 'H8': '6', 'H9': '4', 'I1': '7', 'I2': '19', 'I3': '89', 'I4': '5', 'I5': '6', 'I6': '4', 'I7': '19', 'I8': '2', 'I9': '3'}.
2017-07-22 03:23:06,881 - INFO - Processing values using the only choice technique.
2017-07-22 03:23:06,881 - INFO - Updating box C4: 389 -> 8.
2017-07-22 03:23:06,882 - INFO - Updating box D9: 29 -> 2.
2017-07-22 03:23:06,882 - INFO - Updating box G9: 59 -> 5.
2017-07-22 03:23:06,882 - INFO - Updating box I3: 89 -> 8.
2017-07-22 03:23:06,882 - INFO - Updating box B1: 89 -> 8.
2017-07-22 03:23:06,882 - INFO - Updating box I2: 19 -> 1.
2017-07-22 03:23:06,883 - INFO - Updating box H1: 19 -> 9.
2017-07-22 03:23:06,883 - INFO - Checking values for feasibility.
2017-07-22 03:23:06,883 - INFO - Values contain no empty strings.
2017-07-22 03:23:06,884 - INFO - Values contain only allowed characters in order.
2017-07-22 03:23:06,884 - INFO - Current values:
{'A1': '2', 'A2': '6', 'A3': '37', 'A4': '3789', 'A5': '4', 'A6': '5', 'A7': '39', 'A8': '389', 'A9': '1', 'B1': '8', 'B2': '5', 'B3': '37', 'B4': '37', 'B5': '1', 'B6': '6', 'B7': '2', 'B8': '4', 'B9': '89', 'C1': '4', 'C2': '9', 'C3': '1', 'C4': '8', 'C5': '2', 'C6': '39', 'C7': '5', 'C8': '7', 'C9': '6', 'D1': '159', 'D2': '7', 'D3': '6', 'D4': '4', 'D5': '35', 'D6': '8', 'D7': '139', 'D8': '139', 'D9': '2', 'E1': '3', 'E2': '8', 'E3': '4', 'E4': '1', 'E5': '9', 'E6': '2', 'E7': '6', 'E8': '5', 'E9': '7', 'F1': '159', 'F2': '2', 'F3': '9', 'F4': '6', 'F5': '35', 'F6': '7', 'F7': '4', 'F8': '1389', 'F9': '89', 'G1': '6', 'G2': '4', 'G3': '2', 'G4': '39', 'G5': '7', 'G6': '139', 'G7': '8', 'G8': '19', 'G9': '5', 'H1': '9', 'H2': '3', 'H3': '5', 'H4': '2', 'H5': '8', 'H6': '19', 'H7': '7', 'H8': '6', 'H9': '4', 'I1': '7', 'I2': '1', 'I3': '8', 'I4': '5', 'I5': '6', 'I6': '4', 'I7': '19', 'I8': '2', 'I9': '3'}.
2017-07-22 03:23:06,884 - INFO - Processing values using the naked twins technique.
2017-07-22 03:23:06,884 - INFO - Finding naked twins in values.
2017-07-22 03:23:06,885 - INFO - Found 9 pairs of naked twins.
2017-07-22 03:23:06,885 - INFO - Eliminating twins from peers[A3], peers[B3]: 37, 37 -> '', ''.
2017-07-22 03:23:06,885 - INFO - Eliminating twins from peers[B3], peers[B4]: 37, 37 -> '', ''.
2017-07-22 03:23:06,885 - INFO - Eliminating twins from peers[B4], peers[B3]: 37, 37 -> '', ''.
2017-07-22 03:23:06,885 - INFO - Eliminating twins from peers[B9], peers[F9]: 89, 89 -> '', ''.
2017-07-22 03:23:06,885 - INFO - Eliminating twins from peers[D5], peers[F5]: 35, 35 -> '', ''.
2017-07-22 03:23:06,885 - INFO - Eliminating twins from peers[F5], peers[D5]: 35, 35 -> '', ''.
2017-07-22 03:23:06,886 - INFO - Eliminating twins from peers[F9], peers[B9]: 89, 89 -> '', ''.
2017-07-22 03:23:06,886 - INFO - Eliminating twins from peers[G8], peers[I7]: 19, 19 -> '', ''.
2017-07-22 03:23:06,886 - INFO - Eliminating twins from peers[I7], peers[G8]: 19, 19 -> '', ''.
2017-07-22 03:23:06,886 - INFO - Checking values for feasibility.
2017-07-22 03:23:06,886 - INFO - Values contain no empty strings.
2017-07-22 03:23:06,886 - INFO - Values contain only allowed characters in order.
2017-07-22 03:23:06,886 - INFO - Current values:
{'A1': '2', 'A2': '6', 'A3': '37', 'A4': '3789', 'A5': '4', 'A6': '5', 'A7': '39', 'A8': '389', 'A9': '1', 'B1': '8', 'B2': '5', 'B3': '37', 'B4': '37', 'B5': '1', 'B6': '6', 'B7': '2', 'B8': '4', 'B9': '89', 'C1': '4', 'C2': '9', 'C3': '1', 'C4': '8', 'C5': '2', 'C6': '39', 'C7': '5', 'C8': '7', 'C9': '6', 'D1': '159', 'D2': '7', 'D3': '6', 'D4': '4', 'D5': '35', 'D6': '8', 'D7': '139', 'D8': '139', 'D9': '2', 'E1': '3', 'E2': '8', 'E3': '4', 'E4': '1', 'E5': '9', 'E6': '2', 'E7': '6', 'E8': '5', 'E9': '7', 'F1': '159', 'F2': '2', 'F3': '9', 'F4': '6', 'F5': '35', 'F6': '7', 'F7': '4', 'F8': '1389', 'F9': '89', 'G1': '6', 'G2': '4', 'G3': '2', 'G4': '39', 'G5': '7', 'G6': '139', 'G7': '8', 'G8': '19', 'G9': '5', 'H1': '9', 'H2': '3', 'H3': '5', 'H4': '2', 'H5': '8', 'H6': '19', 'H7': '7', 'H8': '6', 'H9': '4', 'I1': '7', 'I2': '1', 'I3': '8', 'I4': '5', 'I5': '6', 'I6': '4', 'I7': '19', 'I8': '2', 'I9': '3'}.
2017-07-22 03:23:06,887 - WARNING - The solution has not converged. Reprocessing again.
2017-07-22 03:23:06,887 - INFO - Processing values using the eliminate technique.
2017-07-22 03:23:06,887 - INFO - Updating box B9: 89 -> 9.
2017-07-22 03:23:06,887 - INFO - Updating box C6: 39 -> 3.
2017-07-22 03:23:06,887 - INFO - Updating box A4: 3789 -> 379.
2017-07-22 03:23:06,888 - INFO - Updating box F8: 1389 -> 138.
2017-07-22 03:23:06,888 - INFO - Updating box D1: 159 -> 15.
2017-07-22 03:23:06,888 - INFO - Updating box F9: 89 -> 8.
2017-07-22 03:23:06,889 - INFO - Updating box F1: 159 -> 15.
2017-07-22 03:23:06,889 - INFO - Updating box H6: 19 -> 1.
2017-07-22 03:23:06,889 - INFO - Updating box I7: 19 -> 9.
2017-07-22 03:23:06,890 - INFO - Checking values for feasibility.
2017-07-22 03:23:06,890 - INFO - Values contain no empty strings.
2017-07-22 03:23:06,890 - INFO - Values contain only allowed characters in order.
2017-07-22 03:23:06,890 - INFO - Current values:
{'A1': '2', 'A2': '6', 'A3': '37', 'A4': '379', 'A5': '4', 'A6': '5', 'A7': '39', 'A8': '389', 'A9': '1', 'B1': '8', 'B2': '5', 'B3': '37', 'B4': '37', 'B5': '1', 'B6': '6', 'B7': '2', 'B8': '4', 'B9': '9', 'C1': '4', 'C2': '9', 'C3': '1', 'C4': '8', 'C5': '2', 'C6': '3', 'C7': '5', 'C8': '7', 'C9': '6', 'D1': '15', 'D2': '7', 'D3': '6', 'D4': '4', 'D5': '35', 'D6': '8', 'D7': '139', 'D8': '139', 'D9': '2', 'E1': '3', 'E2': '8', 'E3': '4', 'E4': '1', 'E5': '9', 'E6': '2', 'E7': '6', 'E8': '5', 'E9': '7', 'F1': '15', 'F2': '2', 'F3': '9', 'F4': '6', 'F5': '35', 'F6': '7', 'F7': '4', 'F8': '138', 'F9': '8', 'G1': '6', 'G2': '4', 'G3': '2', 'G4': '39', 'G5': '7', 'G6': '139', 'G7': '8', 'G8': '19', 'G9': '5', 'H1': '9', 'H2': '3', 'H3': '5', 'H4': '2', 'H5': '8', 'H6': '1', 'H7': '7', 'H8': '6', 'H9': '4', 'I1': '7', 'I2': '1', 'I3': '8', 'I4': '5', 'I5': '6', 'I6': '4', 'I7': '9', 'I8': '2', 'I9': '3'}.
2017-07-22 03:23:06,890 - INFO - Processing values using the only choice technique.
2017-07-22 03:23:06,890 - INFO - Updating box A8: 389 -> 8.
2017-07-22 03:23:06,891 - INFO - Updating box G6: 139 -> 9.
2017-07-22 03:23:06,891 - INFO - Updating box D7: 139 -> 1.
2017-07-22 03:23:06,891 - INFO - Updating box A7: 39 -> 3.
2017-07-22 03:23:06,891 - INFO - Updating box A4: 379 -> 9.
2017-07-22 03:23:06,892 - INFO - Updating box D8: 139 -> 9.
2017-07-22 03:23:06,892 - INFO - Updating box G4: 39 -> 3.
2017-07-22 03:23:06,892 - INFO - Updating box G8: 19 -> 1.
2017-07-22 03:23:06,892 - INFO - Checking values for feasibility.
2017-07-22 03:23:06,892 - INFO - Values contain no empty strings.
2017-07-22 03:23:06,893 - INFO - Values contain only allowed characters in order.
2017-07-22 03:23:06,893 - INFO - Current values:
{'A1': '2', 'A2': '6', 'A3': '37', 'A4': '9', 'A5': '4', 'A6': '5', 'A7': '3', 'A8': '8', 'A9': '1', 'B1': '8', 'B2': '5', 'B3': '37', 'B4': '37', 'B5': '1', 'B6': '6', 'B7': '2', 'B8': '4', 'B9': '9', 'C1': '4', 'C2': '9', 'C3': '1', 'C4': '8', 'C5': '2', 'C6': '3', 'C7': '5', 'C8': '7', 'C9': '6', 'D1': '15', 'D2': '7', 'D3': '6', 'D4': '4', 'D5': '35', 'D6': '8', 'D7': '1', 'D8': '9', 'D9': '2', 'E1': '3', 'E2': '8', 'E3': '4', 'E4': '1', 'E5': '9', 'E6': '2', 'E7': '6', 'E8': '5', 'E9': '7', 'F1': '15', 'F2': '2', 'F3': '9', 'F4': '6', 'F5': '35', 'F6': '7', 'F7': '4', 'F8': '138', 'F9': '8', 'G1': '6', 'G2': '4', 'G3': '2', 'G4': '3', 'G5': '7', 'G6': '9', 'G7': '8', 'G8': '1', 'G9': '5', 'H1': '9', 'H2': '3', 'H3': '5', 'H4': '2', 'H5': '8', 'H6': '1', 'H7': '7', 'H8': '6', 'H9': '4', 'I1': '7', 'I2': '1', 'I3': '8', 'I4': '5', 'I5': '6', 'I6': '4', 'I7': '9', 'I8': '2', 'I9': '3'}.
2017-07-22 03:23:06,893 - INFO - Processing values using the naked twins technique.
2017-07-22 03:23:06,893 - INFO - Finding naked twins in values.
2017-07-22 03:23:06,894 - INFO - Found 7 pairs of naked twins.
2017-07-22 03:23:06,894 - INFO - Eliminating twins from peers[A3], peers[B3]: 37, 37 -> '', ''.
2017-07-22 03:23:06,894 - INFO - Eliminating twins from peers[B3], peers[B4]: 37, 37 -> '', ''.
2017-07-22 03:23:06,894 - INFO - Eliminating twins from peers[B4], peers[B3]: 37, 37 -> '', ''.
2017-07-22 03:23:06,894 - INFO - Eliminating twins from peers[D1], peers[F1]: 15, 15 -> '', ''.
2017-07-22 03:23:06,894 - INFO - Eliminating twins from peers[D5], peers[F5]: 35, 35 -> '', ''.
2017-07-22 03:23:06,894 - INFO - Eliminating twins from peers[F1], peers[D1]: 15, 15 -> '', ''.
2017-07-22 03:23:06,895 - INFO - Eliminating twins from peers[F5], peers[D5]: 35, 35 -> '', ''.
2017-07-22 03:23:06,895 - INFO - Checking values for feasibility.
2017-07-22 03:23:06,895 - INFO - Values contain no empty strings.
2017-07-22 03:23:06,895 - INFO - Values contain only allowed characters in order.
2017-07-22 03:23:06,895 - INFO - Current values:
{'A1': '2', 'A2': '6', 'A3': '37', 'A4': '9', 'A5': '4', 'A6': '5', 'A7': '3', 'A8': '8', 'A9': '1', 'B1': '8', 'B2': '5', 'B3': '37', 'B4': '37', 'B5': '1', 'B6': '6', 'B7': '2', 'B8': '4', 'B9': '9', 'C1': '4', 'C2': '9', 'C3': '1', 'C4': '8', 'C5': '2', 'C6': '3', 'C7': '5', 'C8': '7', 'C9': '6', 'D1': '15', 'D2': '7', 'D3': '6', 'D4': '4', 'D5': '35', 'D6': '8', 'D7': '1', 'D8': '9', 'D9': '2', 'E1': '3', 'E2': '8', 'E3': '4', 'E4': '1', 'E5': '9', 'E6': '2', 'E7': '6', 'E8': '5', 'E9': '7', 'F1': '15', 'F2': '2', 'F3': '9', 'F4': '6', 'F5': '35', 'F6': '7', 'F7': '4', 'F8': '138', 'F9': '8', 'G1': '6', 'G2': '4', 'G3': '2', 'G4': '3', 'G5': '7', 'G6': '9', 'G7': '8', 'G8': '1', 'G9': '5', 'H1': '9', 'H2': '3', 'H3': '5', 'H4': '2', 'H5': '8', 'H6': '1', 'H7': '7', 'H8': '6', 'H9': '4', 'I1': '7', 'I2': '1', 'I3': '8', 'I4': '5', 'I5': '6', 'I6': '4', 'I7': '9', 'I8': '2', 'I9': '3'}.
2017-07-22 03:23:06,895 - WARNING - The solution has not converged. Reprocessing again.
2017-07-22 03:23:06,896 - INFO - Processing values using the eliminate technique.
2017-07-22 03:23:06,896 - INFO - Updating box A3: 37 -> 7.
2017-07-22 03:23:06,896 - INFO - Updating box F8: 138 -> 13.
2017-07-22 03:23:06,897 - INFO - Updating box B4: 37 -> 7.
2017-07-22 03:23:06,897 - INFO - Updating box F8: 13 -> 3.
2017-07-22 03:23:06,897 - INFO - Updating box D1: 15 -> 5.
2017-07-22 03:23:06,898 - INFO - Checking values for feasibility.
2017-07-22 03:23:06,898 - INFO - Values contain no empty strings.
2017-07-22 03:23:06,899 - INFO - Values contain only allowed characters in order.
2017-07-22 03:23:06,899 - INFO - Current values:
{'A1': '2', 'A2': '6', 'A3': '7', 'A4': '9', 'A5': '4', 'A6': '5', 'A7': '3', 'A8': '8', 'A9': '1', 'B1': '8', 'B2': '5', 'B3': '37', 'B4': '7', 'B5': '1', 'B6': '6', 'B7': '2', 'B8': '4', 'B9': '9', 'C1': '4', 'C2': '9', 'C3': '1', 'C4': '8', 'C5': '2', 'C6': '3', 'C7': '5', 'C8': '7', 'C9': '6', 'D1': '5', 'D2': '7', 'D3': '6', 'D4': '4', 'D5': '35', 'D6': '8', 'D7': '1', 'D8': '9', 'D9': '2', 'E1': '3', 'E2': '8', 'E3': '4', 'E4': '1', 'E5': '9', 'E6': '2', 'E7': '6', 'E8': '5', 'E9': '7', 'F1': '15', 'F2': '2', 'F3': '9', 'F4': '6', 'F5': '35', 'F6': '7', 'F7': '4', 'F8': '3', 'F9': '8', 'G1': '6', 'G2': '4', 'G3': '2', 'G4': '3', 'G5': '7', 'G6': '9', 'G7': '8', 'G8': '1', 'G9': '5', 'H1': '9', 'H2': '3', 'H3': '5', 'H4': '2', 'H5': '8', 'H6': '1', 'H7': '7', 'H8': '6', 'H9': '4', 'I1': '7', 'I2': '1', 'I3': '8', 'I4': '5', 'I5': '6', 'I6': '4', 'I7': '9', 'I8': '2', 'I9': '3'}.
2017-07-22 03:23:06,899 - INFO - Processing values using the only choice technique.
2017-07-22 03:23:06,899 - INFO - Updating box B3: 37 -> 3.
2017-07-22 03:23:06,899 - INFO - Updating box D5: 35 -> 3.
2017-07-22 03:23:06,899 - INFO - Updating box F1: 15 -> 1.
2017-07-22 03:23:06,900 - INFO - Updating box F5: 35 -> 5.
2017-07-22 03:23:06,900 - INFO - Checking values for feasibility.
2017-07-22 03:23:06,901 - INFO - Values contain no empty strings.
2017-07-22 03:23:06,901 - INFO - Values contain only allowed characters in order.
2017-07-22 03:23:06,901 - INFO - Current values:
{'A1': '2', 'A2': '6', 'A3': '7', 'A4': '9', 'A5': '4', 'A6': '5', 'A7': '3', 'A8': '8', 'A9': '1', 'B1': '8', 'B2': '5', 'B3': '3', 'B4': '7', 'B5': '1', 'B6': '6', 'B7': '2', 'B8': '4', 'B9': '9', 'C1': '4', 'C2': '9', 'C3': '1', 'C4': '8', 'C5': '2', 'C6': '3', 'C7': '5', 'C8': '7', 'C9': '6', 'D1': '5', 'D2': '7', 'D3': '6', 'D4': '4', 'D5': '3', 'D6': '8', 'D7': '1', 'D8': '9', 'D9': '2', 'E1': '3', 'E2': '8', 'E3': '4', 'E4': '1', 'E5': '9', 'E6': '2', 'E7': '6', 'E8': '5', 'E9': '7', 'F1': '1', 'F2': '2', 'F3': '9', 'F4': '6', 'F5': '5', 'F6': '7', 'F7': '4', 'F8': '3', 'F9': '8', 'G1': '6', 'G2': '4', 'G3': '2', 'G4': '3', 'G5': '7', 'G6': '9', 'G7': '8', 'G8': '1', 'G9': '5', 'H1': '9', 'H2': '3', 'H3': '5', 'H4': '2', 'H5': '8', 'H6': '1', 'H7': '7', 'H8': '6', 'H9': '4', 'I1': '7', 'I2': '1', 'I3': '8', 'I4': '5', 'I5': '6', 'I6': '4', 'I7': '9', 'I8': '2', 'I9': '3'}.
2017-07-22 03:23:06,901 - INFO - Processing values using the naked twins technique.
2017-07-22 03:23:06,901 - INFO - Finding naked twins in values.
2017-07-22 03:23:06,902 - WARNING - No naked twins were found.
2017-07-22 03:23:06,902 - INFO - Checking values for feasibility.
2017-07-22 03:23:06,902 - INFO - Values contain no empty strings.
2017-07-22 03:23:06,903 - INFO - Values contain only allowed characters in order.
2017-07-22 03:23:06,903 - INFO - Current values:
{'A1': '2', 'A2': '6', 'A3': '7', 'A4': '9', 'A5': '4', 'A6': '5', 'A7': '3', 'A8': '8', 'A9': '1', 'B1': '8', 'B2': '5', 'B3': '3', 'B4': '7', 'B5': '1', 'B6': '6', 'B7': '2', 'B8': '4', 'B9': '9', 'C1': '4', 'C2': '9', 'C3': '1', 'C4': '8', 'C5': '2', 'C6': '3', 'C7': '5', 'C8': '7', 'C9': '6', 'D1': '5', 'D2': '7', 'D3': '6', 'D4': '4', 'D5': '3', 'D6': '8', 'D7': '1', 'D8': '9', 'D9': '2', 'E1': '3', 'E2': '8', 'E3': '4', 'E4': '1', 'E5': '9', 'E6': '2', 'E7': '6', 'E8': '5', 'E9': '7', 'F1': '1', 'F2': '2', 'F3': '9', 'F4': '6', 'F5': '5', 'F6': '7', 'F7': '4', 'F8': '3', 'F9': '8', 'G1': '6', 'G2': '4', 'G3': '2', 'G4': '3', 'G5': '7', 'G6': '9', 'G7': '8', 'G8': '1', 'G9': '5', 'H1': '9', 'H2': '3', 'H3': '5', 'H4': '2', 'H5': '8', 'H6': '1', 'H7': '7', 'H8': '6', 'H9': '4', 'I1': '7', 'I2': '1', 'I3': '8', 'I4': '5', 'I5': '6', 'I6': '4', 'I7': '9', 'I8': '2', 'I9': '3'}.
2017-07-22 03:23:06,904 - WARNING - The solution has not converged. Reprocessing again.
2017-07-22 03:23:06,904 - INFO - Processing values using the eliminate technique.
2017-07-22 03:23:06,906 - INFO - Checking values for feasibility.
2017-07-22 03:23:06,906 - INFO - Values contain no empty strings.
2017-07-22 03:23:06,907 - INFO - Values contain only allowed characters in order.
2017-07-22 03:23:06,907 - INFO - Current values:
{'A1': '2', 'A2': '6', 'A3': '7', 'A4': '9', 'A5': '4', 'A6': '5', 'A7': '3', 'A8': '8', 'A9': '1', 'B1': '8', 'B2': '5', 'B3': '3', 'B4': '7', 'B5': '1', 'B6': '6', 'B7': '2', 'B8': '4', 'B9': '9', 'C1': '4', 'C2': '9', 'C3': '1', 'C4': '8', 'C5': '2', 'C6': '3', 'C7': '5', 'C8': '7', 'C9': '6', 'D1': '5', 'D2': '7', 'D3': '6', 'D4': '4', 'D5': '3', 'D6': '8', 'D7': '1', 'D8': '9', 'D9': '2', 'E1': '3', 'E2': '8', 'E3': '4', 'E4': '1', 'E5': '9', 'E6': '2', 'E7': '6', 'E8': '5', 'E9': '7', 'F1': '1', 'F2': '2', 'F3': '9', 'F4': '6', 'F5': '5', 'F6': '7', 'F7': '4', 'F8': '3', 'F9': '8', 'G1': '6', 'G2': '4', 'G3': '2', 'G4': '3', 'G5': '7', 'G6': '9', 'G7': '8', 'G8': '1', 'G9': '5', 'H1': '9', 'H2': '3', 'H3': '5', 'H4': '2', 'H5': '8', 'H6': '1', 'H7': '7', 'H8': '6', 'H9': '4', 'I1': '7', 'I2': '1', 'I3': '8', 'I4': '5', 'I5': '6', 'I6': '4', 'I7': '9', 'I8': '2', 'I9': '3'}.
2017-07-22 03:23:06,907 - INFO - Processing values using the only choice technique.
2017-07-22 03:23:06,908 - INFO - Checking values for feasibility.
2017-07-22 03:23:06,908 - INFO - Values contain no empty strings.
2017-07-22 03:23:06,909 - INFO - Values contain only allowed characters in order.
2017-07-22 03:23:06,909 - INFO - Current values:
{'A1': '2', 'A2': '6', 'A3': '7', 'A4': '9', 'A5': '4', 'A6': '5', 'A7': '3', 'A8': '8', 'A9': '1', 'B1': '8', 'B2': '5', 'B3': '3', 'B4': '7', 'B5': '1', 'B6': '6', 'B7': '2', 'B8': '4', 'B9': '9', 'C1': '4', 'C2': '9', 'C3': '1', 'C4': '8', 'C5': '2', 'C6': '3', 'C7': '5', 'C8': '7', 'C9': '6', 'D1': '5', 'D2': '7', 'D3': '6', 'D4': '4', 'D5': '3', 'D6': '8', 'D7': '1', 'D8': '9', 'D9': '2', 'E1': '3', 'E2': '8', 'E3': '4', 'E4': '1', 'E5': '9', 'E6': '2', 'E7': '6', 'E8': '5', 'E9': '7', 'F1': '1', 'F2': '2', 'F3': '9', 'F4': '6', 'F5': '5', 'F6': '7', 'F7': '4', 'F8': '3', 'F9': '8', 'G1': '6', 'G2': '4', 'G3': '2', 'G4': '3', 'G5': '7', 'G6': '9', 'G7': '8', 'G8': '1', 'G9': '5', 'H1': '9', 'H2': '3', 'H3': '5', 'H4': '2', 'H5': '8', 'H6': '1', 'H7': '7', 'H8': '6', 'H9': '4', 'I1': '7', 'I2': '1', 'I3': '8', 'I4': '5', 'I5': '6', 'I6': '4', 'I7': '9', 'I8': '2', 'I9': '3'}.
2017-07-22 03:23:06,909 - INFO - Processing values using the naked twins technique.
2017-07-22 03:23:06,909 - INFO - Finding naked twins in values.
2017-07-22 03:23:06,910 - WARNING - No naked twins were found.
2017-07-22 03:23:06,910 - INFO - Checking values for feasibility.
2017-07-22 03:23:06,910 - INFO - Values contain no empty strings.
2017-07-22 03:23:06,910 - INFO - Values contain only allowed characters in order.
2017-07-22 03:23:06,910 - INFO - Current values:
{'A1': '2', 'A2': '6', 'A3': '7', 'A4': '9', 'A5': '4', 'A6': '5', 'A7': '3', 'A8': '8', 'A9': '1', 'B1': '8', 'B2': '5', 'B3': '3', 'B4': '7', 'B5': '1', 'B6': '6', 'B7': '2', 'B8': '4', 'B9': '9', 'C1': '4', 'C2': '9', 'C3': '1', 'C4': '8', 'C5': '2', 'C6': '3', 'C7': '5', 'C8': '7', 'C9': '6', 'D1': '5', 'D2': '7', 'D3': '6', 'D4': '4', 'D5': '3', 'D6': '8', 'D7': '1', 'D8': '9', 'D9': '2', 'E1': '3', 'E2': '8', 'E3': '4', 'E4': '1', 'E5': '9', 'E6': '2', 'E7': '6', 'E8': '5', 'E9': '7', 'F1': '1', 'F2': '2', 'F3': '9', 'F4': '6', 'F5': '5', 'F6': '7', 'F7': '4', 'F8': '3', 'F9': '8', 'G1': '6', 'G2': '4', 'G3': '2', 'G4': '3', 'G5': '7', 'G6': '9', 'G7': '8', 'G8': '1', 'G9': '5', 'H1': '9', 'H2': '3', 'H3': '5', 'H4': '2', 'H5': '8', 'H6': '1', 'H7': '7', 'H8': '6', 'H9': '4', 'I1': '7', 'I2': '1', 'I3': '8', 'I4': '5', 'I5': '6', 'I6': '4', 'I7': '9', 'I8': '2', 'I9': '3'}.
2017-07-22 03:23:06,910 - INFO - The solution has converged.
2017-07-22 03:23:06,911 - INFO - Final solution to puzzle:
{'A1': '2', 'A2': '6', 'A3': '7', 'A4': '9', 'A5': '4', 'A6': '5', 'A7': '3', 'A8': '8', 'A9': '1', 'B1': '8', 'B2': '5', 'B3': '3', 'B4': '7', 'B5': '1', 'B6': '6', 'B7': '2', 'B8': '4', 'B9': '9', 'C1': '4', 'C2': '9', 'C3': '1', 'C4': '8', 'C5': '2', 'C6': '3', 'C7': '5', 'C8': '7', 'C9': '6', 'D1': '5', 'D2': '7', 'D3': '6', 'D4': '4', 'D5': '3', 'D6': '8', 'D7': '1', 'D8': '9', 'D9': '2', 'E1': '3', 'E2': '8', 'E3': '4', 'E4': '1', 'E5': '9', 'E6': '2', 'E7': '6', 'E8': '5', 'E9': '7', 'F1': '1', 'F2': '2', 'F3': '9', 'F4': '6', 'F5': '5', 'F6': '7', 'F7': '4', 'F8': '3', 'F9': '8', 'G1': '6', 'G2': '4', 'G3': '2', 'G4': '3', 'G5': '7', 'G6': '9', 'G7': '8', 'G8': '1', 'G9': '5', 'H1': '9', 'H2': '3', 'H3': '5', 'H4': '2', 'H5': '8', 'H6': '1', 'H7': '7', 'H8': '6', 'H9': '4', 'I1': '7', 'I2': '1', 'I3': '8', 'I4': '5', 'I5': '6', 'I6': '4', 'I7': '9', 'I8': '2', 'I9': '3'}.
